输入参数：经度 60.000000~140.000000  纬度 -50.000000~50.000000  频率(MHz) 100.000000~200.000000  
查询语句：select 						distinct tz.tzbh, fsj.fsjbh, 						to_number(tzjd, '999.99999') as lon, to_number(tzwd, '99.99999') as lat, 				 		(fsj.plxx+fsj.plsx)/2 as pl, fsj.xhzydk, fsj.fbgl, 						tx.jhfs,tx.txlx,tx.zbfxtxzy  					from 						PPGL_DMTZ_T_TZ tz, 						PPGL_DMTZ_T_TZSBZY tzsb, 						PPGL_SBTX_T_SBZJ sbzj,							PPGL_SBTX_T_FSZXX fsj, 						PPGL_SBTX_T_TXZXX tx 					where tz.tzbh=tzsb.tzbh 							and tzsb.sbbh=sbzj.sbbh 							and sbzj.fsjbh=fsj.fsjbh 							and sbzj.txbh=tx.txbh 							and to_number(tzjd, '999.99999')>=60.000000 and to_number(tzjd, '999.99999')<=140.000000 							and to_number(tzwd, '99.99999')>=-50.000000 and to_number(tzwd, '99.99999')<=50.000000 							and (fsj.plxx+fsj.plsx)/2>=100000000 and (fsj.plxx+fsj.plsx)/2<=200000000 							order by tzbh,pl 
返回结果：2 条 
第1条：台站编号06080500000236250 经度118.200000 纬度34.000000 频率(MHz)165.500000 带宽(kHz)10000.000000 功率199.000000 增益0.000000 调制方式AM 天线类型BD 极化方式V 
第2条：台站编号95e69f91e40f44cbbb004432250 经度112.200000 纬度16.501500 频率(MHz)165.500000 带宽(kHz)10000.000000 功率199.000000 增益0.000000 调制方式AM 天线类型BD 极化方式V 
输入参数：经度 60.000000~140.000000  纬度 -50.000000~50.000000  频率(MHz) 100.000000~200.000000  
查询语句：select 						distinct tz.tzbh, fsj.fsjbh, 						to_number(tzjd, '999.99999') as lon, to_number(tzwd, '99.99999') as lat, 				 		(fsj.plxx+fsj.plsx)/2 as pl, fsj.xhzydk, fsj.fbgl, 						tx.jhfs,tx.txlx,tx.zbfxtxzy  					from 						PPGL_DMTZ_T_TZ tz, 						PPGL_DMTZ_T_TZSBZY tzsb, 						PPGL_SBTX_T_SBZJ sbzj,							PPGL_SBTX_T_FSZXX fsj, 						PPGL_SBTX_T_TXZXX tx 					where tz.tzbh=tzsb.tzbh 							and tzsb.sbbh=sbzj.sbbh 							and sbzj.fsjbh=fsj.fsjbh 							and sbzj.txbh=tx.txbh 							and to_number(tzjd, '999.99999')>=60.000000 and to_number(tzjd, '999.99999')<=140.000000 							and to_number(tzwd, '99.99999')>=-50.000000 and to_number(tzwd, '99.99999')<=50.000000 							and (fsj.plxx+fsj.plsx)/2>=100000000 and (fsj.plxx+fsj.plsx)/2<=200000000 							order by tzbh,pl 
返回结果：2 条 
第1条：台站编号06080500000236250 经度118.200000 纬度34.000000 频率(MHz)165.500000 带宽(kHz)10000.000000 功率199.000000 增益0.000000 调制方式AM 天线类型BD 极化方式V 
第2条：台站编号95e69f91e40f44cbbb004432250 经度112.200000 纬度16.501500 频率(MHz)165.500000 带宽(kHz)10000.000000 功率199.000000 增益0.000000 调制方式AM 天线类型BD 极化方式V 
输入参数：经度 60.000000~140.000000  纬度 -50.000000~50.000000  频率(MHz) 100.000000~200.000000  
查询语句：select 						distinct tz.tzbh, fsj.fsjbh, 						to_number(tzjd, '999.99999') as lon, to_number(tzwd, '99.99999') as lat, 				 		(fsj.plxx+fsj.plsx)/2 as pl, fsj.xhzydk, fsj.fbgl, 						tx.jhfs,tx.txlx,tx.zbfxtxzy  					from 						PPGL_DMTZ_T_TZ tz, 						PPGL_DMTZ_T_TZSBZY tzsb, 						PPGL_SBTX_T_SBZJ sbzj,							PPGL_SBTX_T_FSZXX fsj, 						PPGL_SBTX_T_TXZXX tx 					where tz.tzbh=tzsb.tzbh 							and tzsb.sbbh=sbzj.sbbh 							and sbzj.fsjbh=fsj.fsjbh 							and sbzj.txbh=tx.txbh 							and to_number(tzjd, '999.99999')>=60.000000 and to_number(tzjd, '999.99999')<=140.000000 							and to_number(tzwd, '99.99999')>=-50.000000 and to_number(tzwd, '99.99999')<=50.000000 							and (fsj.plxx+fsj.plsx)/2>=100000000 and (fsj.plxx+fsj.plsx)/2<=200000000 							order by tzbh,pl 
返回结果：2 条 
第1条：台站编号06080500000236250 经度118.200000 纬度34.000000 频率(MHz)165.500000 带宽(kHz)10000.000000 功率199.000000 增益0.000000 调制方式AM 天线类型BD 极化方式V 
第2条：台站编号95e69f91e40f44cbbb004432250 经度112.200000 纬度16.501500 频率(MHz)165.500000 带宽(kHz)10000.000000 功率199.000000 增益0.000000 调制方式AM 天线类型BD 极化方式V 
输入参数：经度 60.000000~140.000000  纬度 -50.000000~50.000000  频率(MHz) 100.000000~200.000000  
查询语句：select 						distinct tz.tzbh, fsj.fsjbh, 						to_number(tzjd, '999.99999') as lon, to_number(tzwd, '99.99999') as lat, 				 		(fsj.plxx+fsj.plsx)/2 as pl, fsj.xhzydk, fsj.fbgl, 						tx.jhfs,tx.txlx,tx.zbfxtxzy  					from 						PPGL_DMTZ_T_TZ tz, 						PPGL_DMTZ_T_TZSBZY tzsb, 						PPGL_SBTX_T_SBZJ sbzj,							PPGL_SBTX_T_FSZXX fsj, 						PPGL_SBTX_T_TXZXX tx 					where tz.tzbh=tzsb.tzbh 							and tzsb.sbbh=sbzj.sbbh 							and sbzj.fsjbh=fsj.fsjbh 							and sbzj.txbh=tx.txbh 							and to_number(tzjd, '999.99999')>=60.000000 and to_number(tzjd, '999.99999')<=140.000000 							and to_number(tzwd, '99.99999')>=-50.000000 and to_number(tzwd, '99.99999')<=50.000000 							and (fsj.plxx+fsj.plsx)/2>=100000000 and (fsj.plxx+fsj.plsx)/2<=200000000 							order by tzbh,pl 
返回结果：2 条 
第1条：台站编号06080500000236250 经度118.200000 纬度34.000000 频率(MHz)165.500000 带宽(kHz)10000.000000 功率199.000000 增益0.000000 调制方式AM 天线类型BD 极化方式V 
第2条：台站编号95e69f91e40f44cbbb004432250 经度112.200000 纬度16.501500 频率(MHz)165.500000 带宽(kHz)10000.000000 功率199.000000 增益0.000000 调制方式AM 天线类型BD 极化方式V 
输入参数：经度 60.000000~140.000000  纬度 -50.000000~50.000000  频率(MHz) 100.000000~200.000000  
查询语句：select 						distinct tz.tzbh, fsj.fsjbh, 						to_number(tzjd, '999.99999') as lon, to_number(tzwd, '99.99999') as lat, 				 		(fsj.plxx+fsj.plsx)/2 as pl, fsj.xhzydk, fsj.fbgl, 						tx.jhfs,tx.txlx,tx.zbfxtxzy  					from 						PPGL_DMTZ_T_TZ tz, 						PPGL_DMTZ_T_TZSBZY tzsb, 						PPGL_SBTX_T_SBZJ sbzj,							PPGL_SBTX_T_FSZXX fsj, 						PPGL_SBTX_T_TXZXX tx 					where tz.tzbh=tzsb.tzbh 							and tzsb.sbbh=sbzj.sbbh 							and sbzj.fsjbh=fsj.fsjbh 							and sbzj.txbh=tx.txbh 							and to_number(tzjd, '999.99999')>=60.000000 and to_number(tzjd, '999.99999')<=140.000000 							and to_number(tzwd, '99.99999')>=-50.000000 and to_number(tzwd, '99.99999')<=50.000000 							and (fsj.plxx+fsj.plsx)/2>=100000000 and (fsj.plxx+fsj.plsx)/2<=200000000 							order by tzbh,pl 
返回结果：2 条 
第1条：台站编号06080500000236250 经度118.200000 纬度34.000000 频率(MHz)165.500000 带宽(kHz)10000.000000 功率199.000000 增益0.000000 调制方式AM 天线类型BD 极化方式V 
第2条：台站编号95e69f91e40f44cbbb004432250 经度112.200000 纬度16.501500 频率(MHz)165.500000 带宽(kHz)10000.000000 功率199.000000 增益0.000000 调制方式AM 天线类型BD 极化方式V 
输入参数：经度 60.000000~140.000000  纬度 -50.000000~50.000000  频率(MHz) 100.000000~200.000000  
查询语句：select 						distinct tz.tzbh, fsj.fsjbh, 						to_number(tzjd, '999.99999') as lon, to_number(tzwd, '99.99999') as lat, 				 		(fsj.plxx+fsj.plsx)/2 as pl, fsj.xhzydk, fsj.fbgl, 						tx.jhfs,tx.txlx,tx.zbfxtxzy  					from 						PPGL_DMTZ_T_TZ tz, 						PPGL_DMTZ_T_TZSBZY tzsb, 						PPGL_SBTX_T_SBZJ sbzj,							PPGL_SBTX_T_FSZXX fsj, 						PPGL_SBTX_T_TXZXX tx 					where tz.tzbh=tzsb.tzbh 							and tzsb.sbbh=sbzj.sbbh 							and sbzj.fsjbh=fsj.fsjbh 							and sbzj.txbh=tx.txbh 							and to_number(tzjd, '999.99999')>=60.000000 and to_number(tzjd, '999.99999')<=140.000000 							and to_number(tzwd, '99.99999')>=-50.000000 and to_number(tzwd, '99.99999')<=50.000000 							and (fsj.plxx+fsj.plsx)/2>=100000000 and (fsj.plxx+fsj.plsx)/2<=200000000 							order by tzbh,pl 
返回结果：2 条 
第1条：台站编号06080500000236250 经度118.200000 纬度34.000000 频率(MHz)165.500000 带宽(kHz)10000.000000 功率199.000000 增益0.000000 调制方式AM 天线类型BD 极化方式V 
第2条：台站编号95e69f91e40f44cbbb004432250 经度112.200000 纬度16.501500 频率(MHz)165.500000 带宽(kHz)10000.000000 功率199.000000 增益0.000000 调制方式AM 天线类型BD 极化方式V 
输入参数：经度 60.000000~140.000000  纬度 -50.000000~50.000000  频率(MHz) 100.000000~200.000000  
查询语句：select 						distinct tz.tzbh, fsj.fsjbh, 						to_number(tzjd, '999.99999') as lon, to_number(tzwd, '99.99999') as lat, 				 		(fsj.plxx+fsj.plsx)/2 as pl, fsj.xhzydk, fsj.fbgl, 						tx.jhfs,tx.txlx,tx.zbfxtxzy  					from 						PPGL_DMTZ_T_TZ tz, 						PPGL_DMTZ_T_TZSBZY tzsb, 						PPGL_SBTX_T_SBZJ sbzj,							PPGL_SBTX_T_FSZXX fsj, 						PPGL_SBTX_T_TXZXX tx 					where tz.tzbh=tzsb.tzbh 							and tzsb.sbbh=sbzj.sbbh 							and sbzj.fsjbh=fsj.fsjbh 							and sbzj.txbh=tx.txbh 							and to_number(tzjd, '999.99999')>=60.000000 and to_number(tzjd, '999.99999')<=140.000000 							and to_number(tzwd, '99.99999')>=-50.000000 and to_number(tzwd, '99.99999')<=50.000000 							and (fsj.plxx+fsj.plsx)/2>=100000000 and (fsj.plxx+fsj.plsx)/2<=200000000 							order by tzbh,pl 
返回结果：2 条 
第1条：台站编号06080500000236250 经度118.200000 纬度34.000000 频率(MHz)165.500000 带宽(kHz)10000.000000 功率199.000000 增益0.000000 调制方式AM 天线类型BD 极化方式V 
第2条：台站编号95e69f91e40f44cbbb004432250 经度112.200000 纬度16.501500 频率(MHz)165.500000 带宽(kHz)10000.000000 功率199.000000 增益0.000000 调制方式AM 天线类型BD 极化方式V 
输入参数：经度 60.000000~140.000000  纬度 -50.000000~50.000000  频率(MHz) 100.000000~200.000000  
查询语句：select 						distinct tz.tzbh, fsj.fsjbh, 						to_number(tzjd, '999.99999') as lon, to_number(tzwd, '99.99999') as lat, 				 		(fsj.plxx+fsj.plsx)/2 as pl, fsj.xhzydk, fsj.fbgl, 						tx.jhfs,tx.txlx,tx.zbfxtxzy  					from 						PPGL_DMTZ_T_TZ tz, 						PPGL_DMTZ_T_TZSBZY tzsb, 						PPGL_SBTX_T_SBZJ sbzj,							PPGL_SBTX_T_FSZXX fsj, 						PPGL_SBTX_T_TXZXX tx 					where tz.tzbh=tzsb.tzbh 							and tzsb.sbbh=sbzj.sbbh 							and sbzj.fsjbh=fsj.fsjbh 							and sbzj.txbh=tx.txbh 							and to_number(tzjd, '999.99999')>=60.000000 and to_number(tzjd, '999.99999')<=140.000000 							and to_number(tzwd, '99.99999')>=-50.000000 and to_number(tzwd, '99.99999')<=50.000000 							and (fsj.plxx+fsj.plsx)/2>=100000000 and (fsj.plxx+fsj.plsx)/2<=200000000 							order by tzbh,pl 
返回结果：2 条 
第1条：台站编号06080500000236250 经度118.200000 纬度34.000000 频率(MHz)165.500000 带宽(kHz)10000.000000 功率199.000000 增益0.000000 调制方式AM 天线类型BD 极化方式V 
第2条：台站编号95e69f91e40f44cbbb004432250 经度112.200000 纬度16.501500 频率(MHz)165.500000 带宽(kHz)10000.000000 功率199.000000 增益0.000000 调制方式AM 天线类型BD 极化方式V 
输入参数：经度 60.000000~140.000000  纬度 -50.000000~50.000000  频率(MHz) 100.000000~200.000000  
查询语句：select 						distinct tz.tzbh, fsj.fsjbh, 						to_number(tzjd, '999.99999') as lon, to_number(tzwd, '99.99999') as lat, 				 		(fsj.plxx+fsj.plsx)/2 as pl, fsj.xhzydk, fsj.fbgl, 						tx.jhfs,tx.txlx,tx.zbfxtxzy  					from 						PPGL_DMTZ_T_TZ tz, 						PPGL_DMTZ_T_TZSBZY tzsb, 						PPGL_SBTX_T_SBZJ sbzj,							PPGL_SBTX_T_FSZXX fsj, 						PPGL_SBTX_T_TXZXX tx 					where tz.tzbh=tzsb.tzbh 							and tzsb.sbbh=sbzj.sbbh 							and sbzj.fsjbh=fsj.fsjbh 							and sbzj.txbh=tx.txbh 							and to_number(tzjd, '999.99999')>=60.000000 and to_number(tzjd, '999.99999')<=140.000000 							and to_number(tzwd, '99.99999')>=-50.000000 and to_number(tzwd, '99.99999')<=50.000000 							and (fsj.plxx+fsj.plsx)/2>=100000000 and (fsj.plxx+fsj.plsx)/2<=200000000 							order by tzbh,pl 
返回结果：2 条 
第1条：台站编号06080500000236250 经度118.200000 纬度34.000000 频率(MHz)165.500000 带宽(kHz)10000.000000 功率199.000000 增益0.000000 调制方式AM 天线类型BD 极化方式V 
第2条：台站编号95e69f91e40f44cbbb004432250 经度112.200000 纬度16.501500 频率(MHz)165.500000 带宽(kHz)10000.000000 功率199.000000 增益0.000000 调制方式AM 天线类型BD 极化方式V 
输入参数：经度 60.000000~140.000000  纬度 -50.000000~50.000000  频率(MHz) 100.000000~200.000000  
查询语句：select 						distinct tz.tzbh, fsj.fsjbh, 						to_number(tzjd, '999.99999') as lon, to_number(tzwd, '99.99999') as lat, 				 		(fsj.plxx+fsj.plsx)/2 as pl, fsj.xhzydk, fsj.fbgl, 						tx.jhfs,tx.txlx,tx.zbfxtxzy  					from 						PPGL_DMTZ_T_TZ tz, 						PPGL_DMTZ_T_TZSBZY tzsb, 						PPGL_SBTX_T_SBZJ sbzj,							PPGL_SBTX_T_FSZXX fsj, 						PPGL_SBTX_T_TXZXX tx 					where tz.tzbh=tzsb.tzbh 							and tzsb.sbbh=sbzj.sbbh 							and sbzj.fsjbh=fsj.fsjbh 							and sbzj.txbh=tx.txbh 							and to_number(tzjd, '999.99999')>=60.000000 and to_number(tzjd, '999.99999')<=140.000000 							and to_number(tzwd, '99.99999')>=-50.000000 and to_number(tzwd, '99.99999')<=50.000000 							and (fsj.plxx+fsj.plsx)/2>=100000000 and (fsj.plxx+fsj.plsx)/2<=200000000 							order by tzbh,pl 
返回结果：2 条 
第1条：台站编号06080500000236250 经度118.200000 纬度34.000000 频率(MHz)165.500000 带宽(kHz)10000.000000 功率199.000000 增益0.000000 调制方式AM 天线类型BD 极化方式V 
第2条：台站编号95e69f91e40f44cbbb004432250 经度112.200000 纬度16.501500 频率(MHz)165.500000 带宽(kHz)10000.000000 功率199.000000 增益0.000000 调制方式AM 天线类型BD 极化方式V 
输入参数：经度 60.000000~140.000000  纬度 -50.000000~50.000000  频率(MHz) 100.000000~200.000000  
查询语句：select 						distinct tz.tzbh, fsj.fsjbh, 						to_number(tzjd, '999.99999') as lon, to_number(tzwd, '99.99999') as lat, 				 		(fsj.plxx+fsj.plsx)/2 as pl, fsj.xhzydk, fsj.fbgl, 						tx.jhfs,tx.txlx,tx.zbfxtxzy  					from 						PPGL_DMTZ_T_TZ tz, 						PPGL_DMTZ_T_TZSBZY tzsb, 						PPGL_SBTX_T_SBZJ sbzj,							PPGL_SBTX_T_FSZXX fsj, 						PPGL_SBTX_T_TXZXX tx 					where tz.tzbh=tzsb.tzbh 							and tzsb.sbbh=sbzj.sbbh 							and sbzj.fsjbh=fsj.fsjbh 							and sbzj.txbh=tx.txbh 							and to_number(tzjd, '999.99999')>=60.000000 and to_number(tzjd, '999.99999')<=140.000000 							and to_number(tzwd, '99.99999')>=-50.000000 and to_number(tzwd, '99.99999')<=50.000000 							and (fsj.plxx+fsj.plsx)/2>=100000000 and (fsj.plxx+fsj.plsx)/2<=200000000 							order by tzbh,pl 
返回结果：2 条 
第1条：台站编号06080500000236250 经度118.200000 纬度34.000000 频率(MHz)165.500000 带宽(kHz)10000.000000 功率199.000000 增益0.000000 调制方式AM 天线类型BD 极化方式V 
第2条：台站编号95e69f91e40f44cbbb004432250 经度112.200000 纬度16.501500 频率(MHz)165.500000 带宽(kHz)10000.000000 功率199.000000 增益0.000000 调制方式AM 天线类型BD 极化方式V 
输入参数：经度 60.000000~140.000000  纬度 -50.000000~50.000000  频率(MHz) 100.000000~200.000000  
查询语句：select 						distinct tz.tzbh, fsj.fsjbh, 						to_number(tzjd, '999.99999') as lon, to_number(tzwd, '99.99999') as lat, 				 		(fsj.plxx+fsj.plsx)/2 as pl, fsj.xhzydk, fsj.fbgl, 						tx.jhfs,tx.txlx,tx.zbfxtxzy  					from 						PPGL_DMTZ_T_TZ tz, 						PPGL_DMTZ_T_TZSBZY tzsb, 						PPGL_SBTX_T_SBZJ sbzj,							PPGL_SBTX_T_FSZXX fsj, 						PPGL_SBTX_T_TXZXX tx 					where tz.tzbh=tzsb.tzbh 							and tzsb.sbbh=sbzj.sbbh 							and sbzj.fsjbh=fsj.fsjbh 							and sbzj.txbh=tx.txbh 							and to_number(tzjd, '999.99999')>=60.000000 and to_number(tzjd, '999.99999')<=140.000000 							and to_number(tzwd, '99.99999')>=-50.000000 and to_number(tzwd, '99.99999')<=50.000000 							and (fsj.plxx+fsj.plsx)/2>=100000000 and (fsj.plxx+fsj.plsx)/2<=200000000 							order by tzbh,pl 
返回结果：2 条 
第1条：台站编号06080500000236250 经度118.200000 纬度34.000000 频率(MHz)165.500000 带宽(kHz)10000.000000 功率199.000000 增益0.000000 调制方式AM 天线类型BD 极化方式V 
第2条：台站编号95e69f91e40f44cbbb004432250 经度112.200000 纬度16.501500 频率(MHz)165.500000 带宽(kHz)10000.000000 功率199.000000 增益0.000000 调制方式AM 天线类型BD 极化方式V 
输入参数：经度 60.000000~140.000000  纬度 -50.000000~50.000000  频率(MHz) 100.000000~200.000000  
查询语句：select 						distinct tz.tzbh, fsj.fsjbh, 						to_number(tzjd, '999.99999') as lon, to_number(tzwd, '99.99999') as lat, 				 		(fsj.plxx+fsj.plsx)/2 as pl, fsj.xhzydk, fsj.fbgl, 						tx.jhfs,tx.txlx,tx.zbfxtxzy  					from 						PPGL_DMTZ_T_TZ tz, 						PPGL_DMTZ_T_TZSBZY tzsb, 						PPGL_SBTX_T_SBZJ sbzj,							PPGL_SBTX_T_FSZXX fsj, 						PPGL_SBTX_T_TXZXX tx 					where tz.tzbh=tzsb.tzbh 							and tzsb.sbbh=sbzj.sbbh 							and sbzj.fsjbh=fsj.fsjbh 							and sbzj.txbh=tx.txbh 							and to_number(tzjd, '999.99999')>=60.000000 and to_number(tzjd, '999.99999')<=140.000000 							and to_number(tzwd, '99.99999')>=-50.000000 and to_number(tzwd, '99.99999')<=50.000000 							and (fsj.plxx+fsj.plsx)/2>=100000000 and (fsj.plxx+fsj.plsx)/2<=200000000 							order by tzbh,pl 
返回结果：2 条 
第1条：台站编号06080500000236250 经度118.200000 纬度34.000000 频率(MHz)165.500000 带宽(kHz)10000.000000 功率199.000000 增益0.000000 调制方式AM 天线类型BD 极化方式V 
第2条：台站编号95e69f91e40f44cbbb004432250 经度112.200000 纬度16.501500 频率(MHz)165.500000 带宽(kHz)10000.000000 功率199.000000 增益0.000000 调制方式AM 天线类型BD 极化方式V 
输入参数：经度 60.000000~140.000000  纬度 -50.000000~50.000000  频率(MHz) 100.000000~200.000000  
查询语句：select 						distinct tz.tzbh, fsj.fsjbh, 						to_number(tzjd, '999.99999') as lon, to_number(tzwd, '99.99999') as lat, 				 		(fsj.plxx+fsj.plsx)/2 as pl, fsj.xhzydk, fsj.fbgl, 						tx.jhfs,tx.txlx,tx.zbfxtxzy  					from 						PPGL_DMTZ_T_TZ tz, 						PPGL_DMTZ_T_TZSBZY tzsb, 						PPGL_SBTX_T_SBZJ sbzj,							PPGL_SBTX_T_FSZXX fsj, 						PPGL_SBTX_T_TXZXX tx 					where tz.tzbh=tzsb.tzbh 							and tzsb.sbbh=sbzj.sbbh 							and sbzj.fsjbh=fsj.fsjbh 							and sbzj.txbh=tx.txbh 							and to_number(tzjd, '999.99999')>=60.000000 and to_number(tzjd, '999.99999')<=140.000000 							and to_number(tzwd, '99.99999')>=-50.000000 and to_number(tzwd, '99.99999')<=50.000000 							and (fsj.plxx+fsj.plsx)/2>=100000000 and (fsj.plxx+fsj.plsx)/2<=200000000 							order by tzbh,pl 
返回结果：2 条 
第1条：台站编号06080500000236250 经度118.200000 纬度34.000000 频率(MHz)165.500000 带宽(kHz)10000.000000 功率199.000000 增益0.000000 调制方式AM 天线类型BD 极化方式V 
第2条：台站编号95e69f91e40f44cbbb004432250 经度112.200000 纬度16.501500 频率(MHz)165.500000 带宽(kHz)10000.000000 功率199.000000 增益0.000000 调制方式AM 天线类型BD 极化方式V 
输入参数：经度 60.000000~140.000000  纬度 -50.000000~50.000000  频率(MHz) 100.000000~200.000000  
查询语句：select 						distinct tz.tzbh, fsj.fsjbh, 						to_number(tzjd, '999.99999') as lon, to_number(tzwd, '99.99999') as lat, 				 		(fsj.plxx+fsj.plsx)/2 as pl, fsj.xhzydk, fsj.fbgl, 						tx.jhfs,tx.txlx,tx.zbfxtxzy  					from 						PPGL_DMTZ_T_TZ tz, 						PPGL_DMTZ_T_TZSBZY tzsb, 						PPGL_SBTX_T_SBZJ sbzj,							PPGL_SBTX_T_FSZXX fsj, 						PPGL_SBTX_T_TXZXX tx 					where tz.tzbh=tzsb.tzbh 							and tzsb.sbbh=sbzj.sbbh 							and sbzj.fsjbh=fsj.fsjbh 							and sbzj.txbh=tx.txbh 							and to_number(tzjd, '999.99999')>=60.000000 and to_number(tzjd, '999.99999')<=140.000000 							and to_number(tzwd, '99.99999')>=-50.000000 and to_number(tzwd, '99.99999')<=50.000000 							and (fsj.plxx+fsj.plsx)/2>=100000000 and (fsj.plxx+fsj.plsx)/2<=200000000 							order by tzbh,pl 
返回结果：2 条 
第1条：台站编号06080500000236250 经度118.200000 纬度34.000000 频率(MHz)165.500000 带宽(kHz)10000.000000 功率199.000000 增益0.000000 调制方式AM 天线类型BD 极化方式V 
第2条：台站编号95e69f91e40f44cbbb004432250 经度112.200000 纬度16.501500 频率(MHz)165.500000 带宽(kHz)10000.000000 功率199.000000 增益0.000000 调制方式AM 天线类型BD 极化方式V 
输入参数：经度 60.000000~140.000000  纬度 -50.000000~50.000000  频率(MHz) 100.000000~200.000000  
查询语句：select 						distinct tz.tzbh, fsj.fsjbh, 						to_number(tzjd, '999.99999') as lon, to_number(tzwd, '99.99999') as lat, 				 		(fsj.plxx+fsj.plsx)/2 as pl, fsj.xhzydk, fsj.fbgl, 						tx.jhfs,tx.txlx,tx.zbfxtxzy  					from 						PPGL_DMTZ_T_TZ tz, 						PPGL_DMTZ_T_TZSBZY tzsb, 						PPGL_SBTX_T_SBZJ sbzj,							PPGL_SBTX_T_FSZXX fsj, 						PPGL_SBTX_T_TXZXX tx 					where tz.tzbh=tzsb.tzbh 							and tzsb.sbbh=sbzj.sbbh 							and sbzj.fsjbh=fsj.fsjbh 							and sbzj.txbh=tx.txbh 							and to_number(tzjd, '999.99999')>=60.000000 and to_number(tzjd, '999.99999')<=140.000000 							and to_number(tzwd, '99.99999')>=-50.000000 and to_number(tzwd, '99.99999')<=50.000000 							and (fsj.plxx+fsj.plsx)/2>=100000000 and (fsj.plxx+fsj.plsx)/2<=200000000 							order by tzbh,pl 
返回结果：2 条 
第1条：台站编号06080500000236250 经度118.200000 纬度34.000000 频率(MHz)165.500000 带宽(kHz)10000.000000 功率199.000000 增益0.000000 调制方式AM 天线类型BD 极化方式V 
第2条：台站编号95e69f91e40f44cbbb004432250 经度112.200000 纬度16.501500 频率(MHz)165.500000 带宽(kHz)10000.000000 功率199.000000 增益0.000000 调制方式AM 天线类型BD 极化方式V 
输入参数：经度 60.000000~140.000000  纬度 -50.000000~50.000000  频率(MHz) 100.000000~200.000000  
查询语句：select 						distinct tz.tzbh, fsj.fsjbh, 						to_number(tzjd, '999.99999') as lon, to_number(tzwd, '99.99999') as lat, 				 		(fsj.plxx+fsj.plsx)/2 as pl, fsj.xhzydk, fsj.fbgl, 						tx.jhfs,tx.txlx,tx.zbfxtxzy  					from 						PPGL_DMTZ_T_TZ tz, 						PPGL_DMTZ_T_TZSBZY tzsb, 						PPGL_SBTX_T_SBZJ sbzj,							PPGL_SBTX_T_FSZXX fsj, 						PPGL_SBTX_T_TXZXX tx 					where tz.tzbh=tzsb.tzbh 							and tzsb.sbbh=sbzj.sbbh 							and sbzj.fsjbh=fsj.fsjbh 							and sbzj.txbh=tx.txbh 							and to_number(tzjd, '999.99999')>=60.000000 and to_number(tzjd, '999.99999')<=140.000000 							and to_number(tzwd, '99.99999')>=-50.000000 and to_number(tzwd, '99.99999')<=50.000000 							and (fsj.plxx+fsj.plsx)/2>=100000000 and (fsj.plxx+fsj.plsx)/2<=200000000 							order by tzbh,pl 
返回结果：2 条 
第1条：台站编号06080500000236250 经度118.200000 纬度34.000000 频率(MHz)165.500000 带宽(kHz)10000.000000 功率199.000000 增益0.000000 调制方式AM 天线类型BD 极化方式V 
第2条：台站编号95e69f91e40f44cbbb004432250 经度112.200000 纬度16.501500 频率(MHz)165.500000 带宽(kHz)10000.000000 功率199.000000 增益0.000000 调制方式AM 天线类型BD 极化方式V 
输入参数：经度 60.000000~140.000000  纬度 -50.000000~50.000000  频率(MHz) 100.000000~200.000000  
查询语句：select 						distinct tz.tzbh, fsj.fsjbh, 						to_number(tzjd, '999.99999') as lon, to_number(tzwd, '99.99999') as lat, 				 		(fsj.plxx+fsj.plsx)/2 as pl, fsj.xhzydk, fsj.fbgl, 						tx.jhfs,tx.txlx,tx.zbfxtxzy  					from 						PPGL_DMTZ_T_TZ tz, 						PPGL_DMTZ_T_TZSBZY tzsb, 						PPGL_SBTX_T_SBZJ sbzj,							PPGL_SBTX_T_FSZXX fsj, 						PPGL_SBTX_T_TXZXX tx 					where tz.tzbh=tzsb.tzbh 							and tzsb.sbbh=sbzj.sbbh 							and sbzj.fsjbh=fsj.fsjbh 							and sbzj.txbh=tx.txbh 							and to_number(tzjd, '999.99999')>=60.000000 and to_number(tzjd, '999.99999')<=140.000000 							and to_number(tzwd, '99.99999')>=-50.000000 and to_number(tzwd, '99.99999')<=50.000000 							and (fsj.plxx+fsj.plsx)/2>=100000000 and (fsj.plxx+fsj.plsx)/2<=200000000 							order by tzbh,pl 
返回结果：2 条 
第1条：台站编号06080500000236250 经度118.200000 纬度34.000000 频率(MHz)165.500000 带宽(kHz)10000.000000 功率199.000000 增益0.000000 调制方式AM 天线类型BD 极化方式V 
第2条：台站编号95e69f91e40f44cbbb004432250 经度112.200000 纬度16.501500 频率(MHz)165.500000 带宽(kHz)10000.000000 功率199.000000 增益0.000000 调制方式AM 天线类型BD 极化方式V 
输入参数：经度 60.000000~140.000000  纬度 -50.000000~50.000000  频率(MHz) 100.000000~200.000000  
查询语句：select 						distinct tz.tzbh, fsj.fsjbh, 						to_number(tzjd, '999.99999') as lon, to_number(tzwd, '99.99999') as lat, 				 		(fsj.plxx+fsj.plsx)/2 as pl, fsj.xhzydk, fsj.fbgl, 						tx.jhfs,tx.txlx,tx.zbfxtxzy  					from 						PPGL_DMTZ_T_TZ tz, 						PPGL_DMTZ_T_TZSBZY tzsb, 						PPGL_SBTX_T_SBZJ sbzj,							PPGL_SBTX_T_FSZXX fsj, 						PPGL_SBTX_T_TXZXX tx 					where tz.tzbh=tzsb.tzbh 							and tzsb.sbbh=sbzj.sbbh 							and sbzj.fsjbh=fsj.fsjbh 							and sbzj.txbh=tx.txbh 							and to_number(tzjd, '999.99999')>=60.000000 and to_number(tzjd, '999.99999')<=140.000000 							and to_number(tzwd, '99.99999')>=-50.000000 and to_number(tzwd, '99.99999')<=50.000000 							and (fsj.plxx+fsj.plsx)/2>=100000000 and (fsj.plxx+fsj.plsx)/2<=200000000 							order by tzbh,pl 
返回结果：2 条 
第1条：台站编号06080500000236250 经度118.200000 纬度34.000000 频率(MHz)165.500000 带宽(kHz)10000.000000 功率199.000000 增益0.000000 调制方式AM 天线类型BD 极化方式V 
第2条：台站编号95e69f91e40f44cbbb004432250 经度112.200000 纬度16.501500 频率(MHz)165.500000 带宽(kHz)10000.000000 功率199.000000 增益0.000000 调制方式AM 天线类型BD 极化方式V 
输入参数：经度 60.000000~140.000000  纬度 -50.000000~50.000000  频率(MHz) 100.000000~200.000000  
查询语句：select 						distinct tz.tzbh, fsj.fsjbh, 						to_number(tzjd, '999.99999') as lon, to_number(tzwd, '99.99999') as lat, 				 		(fsj.plxx+fsj.plsx)/2 as pl, fsj.xhzydk, fsj.fbgl, 						tx.jhfs,tx.txlx,tx.zbfxtxzy  					from 						PPGL_DMTZ_T_TZ tz, 						PPGL_DMTZ_T_TZSBZY tzsb, 						PPGL_SBTX_T_SBZJ sbzj,							PPGL_SBTX_T_FSZXX fsj, 						PPGL_SBTX_T_TXZXX tx 					where tz.tzbh=tzsb.tzbh 							and tzsb.sbbh=sbzj.sbbh 							and sbzj.fsjbh=fsj.fsjbh 							and sbzj.txbh=tx.txbh 							and to_number(tzjd, '999.99999')>=60.000000 and to_number(tzjd, '999.99999')<=140.000000 							and to_number(tzwd, '99.99999')>=-50.000000 and to_number(tzwd, '99.99999')<=50.000000 							and (fsj.plxx+fsj.plsx)/2>=100000000 and (fsj.plxx+fsj.plsx)/2<=200000000 							order by tzbh,pl 
返回结果：2 条 
第1条：台站编号06080500000236250 经度118.200000 纬度34.000000 频率(MHz)165.500000 带宽(kHz)10000.000000 功率199.000000 增益0.000000 调制方式AM 天线类型BD 极化方式V 
第2条：台站编号95e69f91e40f44cbbb004432250 经度112.200000 纬度16.501500 频率(MHz)165.500000 带宽(kHz)10000.000000 功率199.000000 增益0.000000 调制方式AM 天线类型BD 极化方式V 
输入参数：经度 60.000000~140.000000  纬度 -50.000000~50.000000  频率(MHz) 100.000000~200.000000  
查询语句：select 						distinct tz.tzbh, fsj.fsjbh, 						to_number(tzjd, '999.99999') as lon, to_number(tzwd, '99.99999') as lat, 				 		(fsj.plxx+fsj.plsx)/2 as pl, fsj.xhzydk, fsj.fbgl, 						tx.jhfs,tx.txlx,tx.zbfxtxzy  					from 						PPGL_DMTZ_T_TZ tz, 						PPGL_DMTZ_T_TZSBZY tzsb, 						PPGL_SBTX_T_SBZJ sbzj,							PPGL_SBTX_T_FSZXX fsj, 						PPGL_SBTX_T_TXZXX tx 					where tz.tzbh=tzsb.tzbh 							and tzsb.sbbh=sbzj.sbbh 							and sbzj.fsjbh=fsj.fsjbh 							and sbzj.txbh=tx.txbh 							and to_number(tzjd, '999.99999')>=60.000000 and to_number(tzjd, '999.99999')<=140.000000 							and to_number(tzwd, '99.99999')>=-50.000000 and to_number(tzwd, '99.99999')<=50.000000 							and (fsj.plxx+fsj.plsx)/2>=100000000 and (fsj.plxx+fsj.plsx)/2<=200000000 							order by tzbh,pl 
返回结果：2 条 
第1条：台站编号06080500000236250 经度118.200000 纬度34.000000 频率(MHz)165.500000 带宽(kHz)10000.000000 功率199.000000 增益0.000000 调制方式AM 天线类型BD 极化方式V 
第2条：台站编号95e69f91e40f44cbbb004432250 经度112.200000 纬度16.501500 频率(MHz)165.500000 带宽(kHz)10000.000000 功率199.000000 增益0.000000 调制方式AM 天线类型BD 极化方式V 
输入参数：经度 60.000000~140.000000  纬度 -50.000000~50.000000  频率(MHz) 100.000000~200.000000  
查询语句：select 						distinct tz.tzbh, fsj.fsjbh, 						to_number(tzjd, '999.99999') as lon, to_number(tzwd, '99.99999') as lat, 				 		(fsj.plxx+fsj.plsx)/2 as pl, fsj.xhzydk, fsj.fbgl, 						tx.jhfs,tx.txlx,tx.zbfxtxzy  					from 						PPGL_DMTZ_T_TZ tz, 						PPGL_DMTZ_T_TZSBZY tzsb, 						PPGL_SBTX_T_SBZJ sbzj,							PPGL_SBTX_T_FSZXX fsj, 						PPGL_SBTX_T_TXZXX tx 					where tz.tzbh=tzsb.tzbh 							and tzsb.sbbh=sbzj.sbbh 							and sbzj.fsjbh=fsj.fsjbh 							and sbzj.txbh=tx.txbh 							and to_number(tzjd, '999.99999')>=60.000000 and to_number(tzjd, '999.99999')<=140.000000 							and to_number(tzwd, '99.99999')>=-50.000000 and to_number(tzwd, '99.99999')<=50.000000 							and (fsj.plxx+fsj.plsx)/2>=100000000 and (fsj.plxx+fsj.plsx)/2<=200000000 							order by tzbh,pl 
返回结果：2 条 
第1条：台站编号06080500000236250 经度118.200000 纬度34.000000 频率(MHz)165.500000 带宽(kHz)10000.000000 功率199.000000 增益0.000000 调制方式AM 天线类型BD 极化方式V 
第2条：台站编号95e69f91e40f44cbbb004432250 经度112.200000 纬度16.501500 频率(MHz)165.500000 带宽(kHz)10000.000000 功率199.000000 增益0.000000 调制方式AM 天线类型BD 极化方式V 
输入参数：经度 60.000000~140.000000  纬度 -50.000000~50.000000  频率(MHz) 100.000000~200.000000  
查询语句：select 						distinct tz.tzbh, fsj.fsjbh, 						to_number(tzjd, '999.99999') as lon, to_number(tzwd, '99.99999') as lat, 				 		(fsj.plxx+fsj.plsx)/2 as pl, fsj.xhzydk, fsj.fbgl, 						tx.jhfs,tx.txlx,tx.zbfxtxzy  					from 						PPGL_DMTZ_T_TZ tz, 						PPGL_DMTZ_T_TZSBZY tzsb, 						PPGL_SBTX_T_SBZJ sbzj,							PPGL_SBTX_T_FSZXX fsj, 						PPGL_SBTX_T_TXZXX tx 					where tz.tzbh=tzsb.tzbh 							and tzsb.sbbh=sbzj.sbbh 							and sbzj.fsjbh=fsj.fsjbh 							and sbzj.txbh=tx.txbh 							and to_number(tzjd, '999.99999')>=60.000000 and to_number(tzjd, '999.99999')<=140.000000 							and to_number(tzwd, '99.99999')>=-50.000000 and to_number(tzwd, '99.99999')<=50.000000 							and (fsj.plxx+fsj.plsx)/2>=100000000 and (fsj.plxx+fsj.plsx)/2<=200000000 							order by tzbh,pl 
返回结果：2 条 
第1条：台站编号06080500000236250 经度118.200000 纬度34.000000 频率(MHz)165.500000 带宽(kHz)10000.000000 功率199.000000 增益0.000000 调制方式AM 天线类型BD 极化方式V 
第2条：台站编号95e69f91e40f44cbbb004432250 经度112.200000 纬度16.501500 频率(MHz)165.500000 带宽(kHz)10000.000000 功率199.000000 增益0.000000 调制方式AM 天线类型BD 极化方式V 
输入参数：经度 60.000000~140.000000  纬度 -50.000000~50.000000  频率(MHz) 100.000000~200.000000  
查询语句：select 						distinct tz.tzbh, fsj.fsjbh, 						to_number(tzjd, '999.99999') as lon, to_number(tzwd, '99.99999') as lat, 				 		(fsj.plxx+fsj.plsx)/2 as pl, fsj.xhzydk, fsj.fbgl, 						tx.jhfs,tx.txlx,tx.zbfxtxzy  					from 						PPGL_DMTZ_T_TZ tz, 						PPGL_DMTZ_T_TZSBZY tzsb, 						PPGL_SBTX_T_SBZJ sbzj,							PPGL_SBTX_T_FSZXX fsj, 						PPGL_SBTX_T_TXZXX tx 					where tz.tzbh=tzsb.tzbh 							and tzsb.sbbh=sbzj.sbbh 							and sbzj.fsjbh=fsj.fsjbh 							and sbzj.txbh=tx.txbh 							and to_number(tzjd, '999.99999')>=60.000000 and to_number(tzjd, '999.99999')<=140.000000 							and to_number(tzwd, '99.99999')>=-50.000000 and to_number(tzwd, '99.99999')<=50.000000 							and (fsj.plxx+fsj.plsx)/2>=100000000 and (fsj.plxx+fsj.plsx)/2<=200000000 							order by tzbh,pl 
返回结果：2 条 
第1条：台站编号06080500000236250 经度118.200000 纬度34.000000 频率(MHz)165.500000 带宽(kHz)10000.000000 功率199.000000 增益0.000000 调制方式AM 天线类型BD 极化方式V 
第2条：台站编号95e69f91e40f44cbbb004432250 经度112.200000 纬度16.501500 频率(MHz)165.500000 带宽(kHz)10000.000000 功率199.000000 增益0.000000 调制方式AM 天线类型BD 极化方式V 
输入参数：经度 60.000000~140.000000  纬度 -50.000000~50.000000  频率(MHz) 100.000000~200.000000  
查询语句：select 						distinct tz.tzbh, fsj.fsjbh, 						to_number(tzjd, '999.99999') as lon, to_number(tzwd, '99.99999') as lat, 				 		(fsj.plxx+fsj.plsx)/2 as pl, fsj.xhzydk, fsj.fbgl, 						tx.jhfs,tx.txlx,tx.zbfxtxzy  					from 						PPGL_DMTZ_T_TZ tz, 						PPGL_DMTZ_T_TZSBZY tzsb, 						PPGL_SBTX_T_SBZJ sbzj,							PPGL_SBTX_T_FSZXX fsj, 						PPGL_SBTX_T_TXZXX tx 					where tz.tzbh=tzsb.tzbh 							and tzsb.sbbh=sbzj.sbbh 							and sbzj.fsjbh=fsj.fsjbh 							and sbzj.txbh=tx.txbh 							and to_number(tzjd, '999.99999')>=60.000000 and to_number(tzjd, '999.99999')<=140.000000 							and to_number(tzwd, '99.99999')>=-50.000000 and to_number(tzwd, '99.99999')<=50.000000 							and (fsj.plxx+fsj.plsx)/2>=100000000 and (fsj.plxx+fsj.plsx)/2<=200000000 							order by tzbh,pl 
返回结果：2 条 
第1条：台站编号06080500000236250 经度118.200000 纬度34.000000 频率(MHz)165.500000 带宽(kHz)10000.000000 功率199.000000 增益0.000000 调制方式AM 天线类型BD 极化方式V 
第2条：台站编号95e69f91e40f44cbbb004432250 经度112.200000 纬度16.501500 频率(MHz)165.500000 带宽(kHz)10000.000000 功率199.000000 增益0.000000 调制方式AM 天线类型BD 极化方式V 
输入参数：经度 60.000000~140.000000  纬度 -50.000000~50.000000  频率(MHz) 100.000000~200.000000  
查询语句：select 						distinct tz.tzbh, fsj.fsjbh, 						to_number(tzjd, '999.99999') as lon, to_number(tzwd, '99.99999') as lat, 				 		(fsj.plxx+fsj.plsx)/2 as pl, fsj.xhzydk, fsj.fbgl, 						tx.jhfs,tx.txlx,tx.zbfxtxzy  					from 						PPGL_DMTZ_T_TZ tz, 						PPGL_DMTZ_T_TZSBZY tzsb, 						PPGL_SBTX_T_SBZJ sbzj,							PPGL_SBTX_T_FSZXX fsj, 						PPGL_SBTX_T_TXZXX tx 					where tz.tzbh=tzsb.tzbh 							and tzsb.sbbh=sbzj.sbbh 							and sbzj.fsjbh=fsj.fsjbh 							and sbzj.txbh=tx.txbh 							and to_number(tzjd, '999.99999')>=60.000000 and to_number(tzjd, '999.99999')<=140.000000 							and to_number(tzwd, '99.99999')>=-50.000000 and to_number(tzwd, '99.99999')<=50.000000 							and (fsj.plxx+fsj.plsx)/2>=100000000 and (fsj.plxx+fsj.plsx)/2<=200000000 							order by tzbh,pl 
返回结果：2 条 
第1条：台站编号06080500000236250 经度118.200000 纬度34.000000 频率(MHz)165.500000 带宽(kHz)10000.000000 功率199.000000 增益0.000000 调制方式AM 天线类型BD 极化方式V 
第2条：台站编号95e69f91e40f44cbbb004432250 经度112.200000 纬度16.501500 频率(MHz)165.500000 带宽(kHz)10000.000000 功率199.000000 增益0.000000 调制方式AM 天线类型BD 极化方式V 
输入参数：经度 60.000000~140.000000  纬度 -50.000000~50.000000  频率(MHz) 100.000000~200.000000  
查询语句：select 						distinct tz.tzbh, fsj.fsjbh, 						to_number(tzjd, '999.99999') as lon, to_number(tzwd, '99.99999') as lat, 				 		(fsj.plxx+fsj.plsx)/2 as pl, fsj.xhzydk, fsj.fbgl, 						tx.jhfs,tx.txlx,tx.zbfxtxzy  					from 						PPGL_DMTZ_T_TZ tz, 						PPGL_DMTZ_T_TZSBZY tzsb, 						PPGL_SBTX_T_SBZJ sbzj,							PPGL_SBTX_T_FSZXX fsj, 						PPGL_SBTX_T_TXZXX tx 					where tz.tzbh=tzsb.tzbh 							and tzsb.sbbh=sbzj.sbbh 							and sbzj.fsjbh=fsj.fsjbh 							and sbzj.txbh=tx.txbh 							and to_number(tzjd, '999.99999')>=60.000000 and to_number(tzjd, '999.99999')<=140.000000 							and to_number(tzwd, '99.99999')>=-50.000000 and to_number(tzwd, '99.99999')<=50.000000 							and (fsj.plxx+fsj.plsx)/2>=100000000 and (fsj.plxx+fsj.plsx)/2<=200000000 							order by tzbh,pl 
返回结果：2 条 
第1条：台站编号06080500000236250 经度118.200000 纬度34.000000 频率(MHz)165.500000 带宽(kHz)10000.000000 功率199.000000 增益0.000000 调制方式AM 天线类型BD 极化方式V 
第2条：台站编号95e69f91e40f44cbbb004432250 经度112.200000 纬度16.501500 频率(MHz)165.500000 带宽(kHz)10000.000000 功率199.000000 增益0.000000 调制方式AM 天线类型BD 极化方式V 
输入参数：经度 60.000000~140.000000  纬度 -50.000000~50.000000  频率(MHz) 100.000000~200.000000  
查询语句：select 						distinct tz.tzbh, fsj.fsjbh, 						to_number(tzjd, '999.99999') as lon, to_number(tzwd, '99.99999') as lat, 				 		(fsj.plxx+fsj.plsx)/2 as pl, fsj.xhzydk, fsj.fbgl, 						tx.jhfs,tx.txlx,tx.zbfxtxzy  					from 						PPGL_DMTZ_T_TZ tz, 						PPGL_DMTZ_T_TZSBZY tzsb, 						PPGL_SBTX_T_SBZJ sbzj,							PPGL_SBTX_T_FSZXX fsj, 						PPGL_SBTX_T_TXZXX tx 					where tz.tzbh=tzsb.tzbh 							and tzsb.sbbh=sbzj.sbbh 							and sbzj.fsjbh=fsj.fsjbh 							and sbzj.txbh=tx.txbh 							and to_number(tzjd, '999.99999')>=60.000000 and to_number(tzjd, '999.99999')<=140.000000 							and to_number(tzwd, '99.99999')>=-50.000000 and to_number(tzwd, '99.99999')<=50.000000 							and (fsj.plxx+fsj.plsx)/2>=100000000 and (fsj.plxx+fsj.plsx)/2<=200000000 							order by tzbh,pl 
返回结果：2 条 
第1条：台站编号06080500000236250 经度118.200000 纬度34.000000 频率(MHz)165.500000 带宽(kHz)10000.000000 功率199.000000 增益0.000000 调制方式AM 天线类型BD 极化方式V 
第2条：台站编号95e69f91e40f44cbbb004432250 经度112.200000 纬度16.501500 频率(MHz)165.500000 带宽(kHz)10000.000000 功率199.000000 增益0.000000 调制方式AM 天线类型BD 极化方式V 
输入参数：经度 60.000000~140.000000  纬度 -50.000000~50.000000  频率(MHz) 100.000000~200.000000  
查询语句：select 						distinct tz.tzbh, fsj.fsjbh, 						to_number(tzjd, '999.99999') as lon, to_number(tzwd, '99.99999') as lat, 				 		(fsj.plxx+fsj.plsx)/2 as pl, fsj.xhzydk, fsj.fbgl, 						tx.jhfs,tx.txlx,tx.zbfxtxzy  					from 						PPGL_DMTZ_T_TZ tz, 						PPGL_DMTZ_T_TZSBZY tzsb, 						PPGL_SBTX_T_SBZJ sbzj,							PPGL_SBTX_T_FSZXX fsj, 						PPGL_SBTX_T_TXZXX tx 					where tz.tzbh=tzsb.tzbh 							and tzsb.sbbh=sbzj.sbbh 							and sbzj.fsjbh=fsj.fsjbh 							and sbzj.txbh=tx.txbh 							and to_number(tzjd, '999.99999')>=60.000000 and to_number(tzjd, '999.99999')<=140.000000 							and to_number(tzwd, '99.99999')>=-50.000000 and to_number(tzwd, '99.99999')<=50.000000 							and (fsj.plxx+fsj.plsx)/2>=100000000 and (fsj.plxx+fsj.plsx)/2<=200000000 							order by tzbh,pl 
返回结果：2 条 
第1条：台站编号06080500000236250 经度118.200000 纬度34.000000 频率(MHz)165.500000 带宽(kHz)10000.000000 功率199.000000 增益0.000000 调制方式AM 天线类型BD 极化方式V 
第2条：台站编号95e69f91e40f44cbbb004432250 经度112.200000 纬度16.501500 频率(MHz)165.500000 带宽(kHz)10000.000000 功率199.000000 增益0.000000 调制方式AM 天线类型BD 极化方式V 
输入参数：经度 60.000000~140.000000  纬度 -50.000000~50.000000  频率(MHz) 100.000000~200.000000  
查询语句：select 						distinct tz.tzbh, fsj.fsjbh, 						to_number(tzjd, '999.99999') as lon, to_number(tzwd, '99.99999') as lat, 				 		(fsj.plxx+fsj.plsx)/2 as pl, fsj.xhzydk, fsj.fbgl, 						tx.jhfs,tx.txlx,tx.zbfxtxzy  					from 						PPGL_DMTZ_T_TZ tz, 						PPGL_DMTZ_T_TZSBZY tzsb, 						PPGL_SBTX_T_SBZJ sbzj,							PPGL_SBTX_T_FSZXX fsj, 						PPGL_SBTX_T_TXZXX tx 					where tz.tzbh=tzsb.tzbh 							and tzsb.sbbh=sbzj.sbbh 							and sbzj.fsjbh=fsj.fsjbh 							and sbzj.txbh=tx.txbh 							and to_number(tzjd, '999.99999')>=60.000000 and to_number(tzjd, '999.99999')<=140.000000 							and to_number(tzwd, '99.99999')>=-50.000000 and to_number(tzwd, '99.99999')<=50.000000 							and (fsj.plxx+fsj.plsx)/2>=100000000 and (fsj.plxx+fsj.plsx)/2<=200000000 							order by tzbh,pl 
返回结果：2 条 
第1条：台站编号06080500000236250 经度118.200000 纬度34.000000 频率(MHz)165.500000 带宽(kHz)10000.000000 功率199.000000 增益0.000000 调制方式AM 天线类型BD 极化方式V 
第2条：台站编号95e69f91e40f44cbbb004432250 经度112.200000 纬度16.501500 频率(MHz)165.500000 带宽(kHz)10000.000000 功率199.000000 增益0.000000 调制方式AM 天线类型BD 极化方式V 
输入参数：经度 60.000000~140.000000  纬度 -50.000000~50.000000  频率(MHz) 100.000000~200.000000  
查询语句：select 						distinct tz.tzbh, fsj.fsjbh, 						to_number(tzjd, '999.99999') as lon, to_number(tzwd, '99.99999') as lat, 				 		(fsj.plxx+fsj.plsx)/2 as pl, fsj.xhzydk, fsj.fbgl, 						tx.jhfs,tx.txlx,tx.zbfxtxzy  					from 						PPGL_DMTZ_T_TZ tz, 						PPGL_DMTZ_T_TZSBZY tzsb, 						PPGL_SBTX_T_SBZJ sbzj,							PPGL_SBTX_T_FSZXX fsj, 						PPGL_SBTX_T_TXZXX tx 					where tz.tzbh=tzsb.tzbh 							and tzsb.sbbh=sbzj.sbbh 							and sbzj.fsjbh=fsj.fsjbh 							and sbzj.txbh=tx.txbh 							and to_number(tzjd, '999.99999')>=60.000000 and to_number(tzjd, '999.99999')<=140.000000 							and to_number(tzwd, '99.99999')>=-50.000000 and to_number(tzwd, '99.99999')<=50.000000 							and (fsj.plxx+fsj.plsx)/2>=100000000 and (fsj.plxx+fsj.plsx)/2<=200000000 							order by tzbh,pl 
返回结果：2 条 
第1条：台站编号06080500000236250 经度118.200000 纬度34.000000 频率(MHz)165.500000 带宽(kHz)10000.000000 功率199.000000 增益0.000000 调制方式AM 天线类型BD 极化方式V 
第2条：台站编号95e69f91e40f44cbbb004432250 经度112.200000 纬度16.501500 频率(MHz)165.500000 带宽(kHz)10000.000000 功率199.000000 增益0.000000 调制方式AM 天线类型BD 极化方式V 
输入参数：经度 60.000000~140.000000  纬度 -50.000000~50.000000  频率(MHz) 100.000000~200.000000  
查询语句：select 						distinct tz.tzbh, fsj.fsjbh, 						to_number(tzjd, '999.99999') as lon, to_number(tzwd, '99.99999') as lat, 				 		(fsj.plxx+fsj.plsx)/2 as pl, fsj.xhzydk, fsj.fbgl, 						tx.jhfs,tx.txlx,tx.zbfxtxzy  					from 						PPGL_DMTZ_T_TZ tz, 						PPGL_DMTZ_T_TZSBZY tzsb, 						PPGL_SBTX_T_SBZJ sbzj,							PPGL_SBTX_T_FSZXX fsj, 						PPGL_SBTX_T_TXZXX tx 					where tz.tzbh=tzsb.tzbh 							and tzsb.sbbh=sbzj.sbbh 							and sbzj.fsjbh=fsj.fsjbh 							and sbzj.txbh=tx.txbh 							and to_number(tzjd, '999.99999')>=60.000000 and to_number(tzjd, '999.99999')<=140.000000 							and to_number(tzwd, '99.99999')>=-50.000000 and to_number(tzwd, '99.99999')<=50.000000 							and (fsj.plxx+fsj.plsx)/2>=100000000 and (fsj.plxx+fsj.plsx)/2<=200000000 							order by tzbh,pl 
返回结果：2 条 
第1条：台站编号06080500000236250 经度118.200000 纬度34.000000 频率(MHz)165.500000 带宽(kHz)10000.000000 功率199.000000 增益0.000000 调制方式AM 天线类型BD 极化方式V 
第2条：台站编号95e69f91e40f44cbbb004432250 经度112.200000 纬度16.501500 频率(MHz)165.500000 带宽(kHz)10000.000000 功率199.000000 增益0.000000 调制方式AM 天线类型BD 极化方式V 
输入参数：经度 60.000000~140.000000  纬度 -50.000000~50.000000  频率(MHz) 100.000000~200.000000  
查询语句：select 						distinct tz.tzbh, fsj.fsjbh, 						to_number(tzjd, '999.99999') as lon, to_number(tzwd, '99.99999') as lat, 				 		(fsj.plxx+fsj.plsx)/2 as pl, fsj.xhzydk, fsj.fbgl, 						tx.jhfs,tx.txlx,tx.zbfxtxzy  					from 						PPGL_DMTZ_T_TZ tz, 						PPGL_DMTZ_T_TZSBZY tzsb, 						PPGL_SBTX_T_SBZJ sbzj,							PPGL_SBTX_T_FSZXX fsj, 						PPGL_SBTX_T_TXZXX tx 					where tz.tzbh=tzsb.tzbh 							and tzsb.sbbh=sbzj.sbbh 							and sbzj.fsjbh=fsj.fsjbh 							and sbzj.txbh=tx.txbh 							and to_number(tzjd, '999.99999')>=60.000000 and to_number(tzjd, '999.99999')<=140.000000 							and to_number(tzwd, '99.99999')>=-50.000000 and to_number(tzwd, '99.99999')<=50.000000 							and (fsj.plxx+fsj.plsx)/2>=100000000 and (fsj.plxx+fsj.plsx)/2<=200000000 							order by tzbh,pl 
返回结果：2 条 
第1条：台站编号06080500000236250 经度118.200000 纬度34.000000 频率(MHz)165.500000 带宽(kHz)10000.000000 功率199.000000 增益0.000000 调制方式AM 天线类型BD 极化方式V 
第2条：台站编号95e69f91e40f44cbbb004432250 经度112.200000 纬度16.501500 频率(MHz)165.500000 带宽(kHz)10000.000000 功率199.000000 增益0.000000 调制方式AM 天线类型BD 极化方式V 
输入参数：经度 60.000000~140.000000  纬度 -50.000000~50.000000  频率(MHz) 100.000000~200.000000  
查询语句：select 						distinct tz.tzbh, fsj.fsjbh, 						to_number(tzjd, '999.99999') as lon, to_number(tzwd, '99.99999') as lat, 				 		(fsj.plxx+fsj.plsx)/2 as pl, fsj.xhzydk, fsj.fbgl, 						tx.jhfs,tx.txlx,tx.zbfxtxzy  					from 						PPGL_DMTZ_T_TZ tz, 						PPGL_DMTZ_T_TZSBZY tzsb, 						PPGL_SBTX_T_SBZJ sbzj,							PPGL_SBTX_T_FSZXX fsj, 						PPGL_SBTX_T_TXZXX tx 					where tz.tzbh=tzsb.tzbh 							and tzsb.sbbh=sbzj.sbbh 							and sbzj.fsjbh=fsj.fsjbh 							and sbzj.txbh=tx.txbh 							and to_number(tzjd, '999.99999')>=60.000000 and to_number(tzjd, '999.99999')<=140.000000 							and to_number(tzwd, '99.99999')>=-50.000000 and to_number(tzwd, '99.99999')<=50.000000 							and (fsj.plxx+fsj.plsx)/2>=100000000 and (fsj.plxx+fsj.plsx)/2<=200000000 							order by tzbh,pl 
返回结果：2 条 
第1条：台站编号06080500000236250 经度118.200000 纬度34.000000 频率(MHz)165.500000 带宽(kHz)10000.000000 功率199.000000 增益0.000000 调制方式AM 天线类型BD 极化方式V 
第2条：台站编号95e69f91e40f44cbbb004432250 经度112.200000 纬度16.501500 频率(MHz)165.500000 带宽(kHz)10000.000000 功率199.000000 增益0.000000 调制方式AM 天线类型BD 极化方式V 
输入参数：经度 60.000000~140.000000  纬度 -50.000000~50.000000  频率(MHz) 100.000000~200.000000  
查询语句：select 						distinct tz.tzbh, fsj.fsjbh, 						to_number(tzjd, '999.99999') as lon, to_number(tzwd, '99.99999') as lat, 				 		(fsj.plxx+fsj.plsx)/2 as pl, fsj.xhzydk, fsj.fbgl, 						tx.jhfs,tx.txlx,tx.zbfxtxzy  					from 						PPGL_DMTZ_T_TZ tz, 						PPGL_DMTZ_T_TZSBZY tzsb, 						PPGL_SBTX_T_SBZJ sbzj,							PPGL_SBTX_T_FSZXX fsj, 						PPGL_SBTX_T_TXZXX tx 					where tz.tzbh=tzsb.tzbh 							and tzsb.sbbh=sbzj.sbbh 							and sbzj.fsjbh=fsj.fsjbh 							and sbzj.txbh=tx.txbh 							and to_number(tzjd, '999.99999')>=60.000000 and to_number(tzjd, '999.99999')<=140.000000 							and to_number(tzwd, '99.99999')>=-50.000000 and to_number(tzwd, '99.99999')<=50.000000 							and (fsj.plxx+fsj.plsx)/2>=100000000 and (fsj.plxx+fsj.plsx)/2<=200000000 							order by tzbh,pl 
返回结果：2 条 
第1条：台站编号06080500000236250 经度118.200000 纬度34.000000 频率(MHz)165.500000 带宽(kHz)10000.000000 功率199.000000 增益0.000000 调制方式AM 天线类型BD 极化方式V 
第2条：台站编号95e69f91e40f44cbbb004432250 经度112.200000 纬度16.501500 频率(MHz)165.500000 带宽(kHz)10000.000000 功率199.000000 增益0.000000 调制方式AM 天线类型BD 极化方式V 
输入参数：经度 60.000000~140.000000  纬度 -50.000000~50.000000  频率(MHz) 100.000000~200.000000  
查询语句：select 						distinct tz.tzbh, fsj.fsjbh, 						to_number(tzjd, '999.99999') as lon, to_number(tzwd, '99.99999') as lat, 				 		(fsj.plxx+fsj.plsx)/2 as pl, fsj.xhzydk, fsj.fbgl, 						tx.jhfs,tx.txlx,tx.zbfxtxzy  					from 						PPGL_DMTZ_T_TZ tz, 						PPGL_DMTZ_T_TZSBZY tzsb, 						PPGL_SBTX_T_SBZJ sbzj,							PPGL_SBTX_T_FSZXX fsj, 						PPGL_SBTX_T_TXZXX tx 					where tz.tzbh=tzsb.tzbh 							and tzsb.sbbh=sbzj.sbbh 							and sbzj.fsjbh=fsj.fsjbh 							and sbzj.txbh=tx.txbh 							and to_number(tzjd, '999.99999')>=60.000000 and to_number(tzjd, '999.99999')<=140.000000 							and to_number(tzwd, '99.99999')>=-50.000000 and to_number(tzwd, '99.99999')<=50.000000 							and (fsj.plxx+fsj.plsx)/2>=100000000 and (fsj.plxx+fsj.plsx)/2<=200000000 							order by tzbh,pl 
返回结果：2 条 
第1条：台站编号06080500000236250 经度118.200000 纬度34.000000 频率(MHz)165.500000 带宽(kHz)10000.000000 功率199.000000 增益0.000000 调制方式AM 天线类型BD 极化方式V 
第2条：台站编号95e69f91e40f44cbbb004432250 经度112.200000 纬度16.501500 频率(MHz)165.500000 带宽(kHz)10000.000000 功率199.000000 增益0.000000 调制方式AM 天线类型BD 极化方式V 
输入参数：经度 60.000000~140.000000  纬度 -50.000000~50.000000  频率(MHz) 100.000000~200.000000  
查询语句：select 						distinct tz.tzbh, fsj.fsjbh, 						to_number(tzjd, '999.99999') as lon, to_number(tzwd, '99.99999') as lat, 				 		(fsj.plxx+fsj.plsx)/2 as pl, fsj.xhzydk, fsj.fbgl, 						tx.jhfs,tx.txlx,tx.zbfxtxzy  					from 						PPGL_DMTZ_T_TZ tz, 						PPGL_DMTZ_T_TZSBZY tzsb, 						PPGL_SBTX_T_SBZJ sbzj,							PPGL_SBTX_T_FSZXX fsj, 						PPGL_SBTX_T_TXZXX tx 					where tz.tzbh=tzsb.tzbh 							and tzsb.sbbh=sbzj.sbbh 							and sbzj.fsjbh=fsj.fsjbh 							and sbzj.txbh=tx.txbh 							and to_number(tzjd, '999.99999')>=60.000000 and to_number(tzjd, '999.99999')<=140.000000 							and to_number(tzwd, '99.99999')>=-50.000000 and to_number(tzwd, '99.99999')<=50.000000 							and (fsj.plxx+fsj.plsx)/2>=100000000 and (fsj.plxx+fsj.plsx)/2<=200000000 							order by tzbh,pl 
返回结果：2 条 
第1条：台站编号06080500000236250 经度118.200000 纬度34.000000 频率(MHz)165.500000 带宽(kHz)10000.000000 功率199.000000 增益0.000000 调制方式AM 天线类型BD 极化方式V 
第2条：台站编号95e69f91e40f44cbbb004432250 经度112.200000 纬度16.501500 频率(MHz)165.500000 带宽(kHz)10000.000000 功率199.000000 增益0.000000 调制方式AM 天线类型BD 极化方式V 
输入参数：经度 60.000000~140.000000  纬度 -50.000000~50.000000  频率(MHz) 100.000000~200.000000  
查询语句：select 						distinct tz.tzbh, fsj.fsjbh, 						to_number(tzjd, '999.99999') as lon, to_number(tzwd, '99.99999') as lat, 				 		(fsj.plxx+fsj.plsx)/2 as pl, fsj.xhzydk, fsj.fbgl, 						tx.jhfs,tx.txlx,tx.zbfxtxzy  					from 						PPGL_DMTZ_T_TZ tz, 						PPGL_DMTZ_T_TZSBZY tzsb, 						PPGL_SBTX_T_SBZJ sbzj,							PPGL_SBTX_T_FSZXX fsj, 						PPGL_SBTX_T_TXZXX tx 					where tz.tzbh=tzsb.tzbh 							and tzsb.sbbh=sbzj.sbbh 							and sbzj.fsjbh=fsj.fsjbh 							and sbzj.txbh=tx.txbh 							and to_number(tzjd, '999.99999')>=60.000000 and to_number(tzjd, '999.99999')<=140.000000 							and to_number(tzwd, '99.99999')>=-50.000000 and to_number(tzwd, '99.99999')<=50.000000 							and (fsj.plxx+fsj.plsx)/2>=100000000 and (fsj.plxx+fsj.plsx)/2<=200000000 							order by tzbh,pl 
返回结果：2 条 
第1条：台站编号06080500000236250 经度118.200000 纬度34.000000 频率(MHz)165.500000 带宽(kHz)10000.000000 功率199.000000 增益0.000000 调制方式AM 天线类型BD 极化方式V 
第2条：台站编号95e69f91e40f44cbbb004432250 经度112.200000 纬度16.501500 频率(MHz)165.500000 带宽(kHz)10000.000000 功率199.000000 增益0.000000 调制方式AM 天线类型BD 极化方式V 
输入参数：经度 60.000000~140.000000  纬度 -50.000000~50.000000  频率(MHz) 100.000000~200.000000  
查询语句：select 						distinct tz.tzbh, fsj.fsjbh, 						to_number(tzjd, '999.99999') as lon, to_number(tzwd, '99.99999') as lat, 				 		(fsj.plxx+fsj.plsx)/2 as pl, fsj.xhzydk, fsj.fbgl, 						tx.jhfs,tx.txlx,tx.zbfxtxzy  					from 						PPGL_DMTZ_T_TZ tz, 						PPGL_DMTZ_T_TZSBZY tzsb, 						PPGL_SBTX_T_SBZJ sbzj,							PPGL_SBTX_T_FSZXX fsj, 						PPGL_SBTX_T_TXZXX tx 					where tz.tzbh=tzsb.tzbh 							and tzsb.sbbh=sbzj.sbbh 							and sbzj.fsjbh=fsj.fsjbh 							and sbzj.txbh=tx.txbh 							and to_number(tzjd, '999.99999')>=60.000000 and to_number(tzjd, '999.99999')<=140.000000 							and to_number(tzwd, '99.99999')>=-50.000000 and to_number(tzwd, '99.99999')<=50.000000 							and (fsj.plxx+fsj.plsx)/2>=100000000 and (fsj.plxx+fsj.plsx)/2<=200000000 							order by tzbh,pl 
返回结果：2 条 
第1条：台站编号06080500000236250 经度118.200000 纬度34.000000 频率(MHz)165.500000 带宽(kHz)10000.000000 功率199.000000 增益0.000000 调制方式AM 天线类型BD 极化方式V 
第2条：台站编号95e69f91e40f44cbbb004432250 经度112.200000 纬度16.501500 频率(MHz)165.500000 带宽(kHz)10000.000000 功率199.000000 增益0.000000 调制方式AM 天线类型BD 极化方式V 
输入参数：经度 60.000000~140.000000  纬度 -50.000000~50.000000  频率(MHz) 100.000000~200.000000  
查询语句：select 						distinct tz.tzbh, fsj.fsjbh, 						to_number(tzjd, '999.99999') as lon, to_number(tzwd, '99.99999') as lat, 				 		(fsj.plxx+fsj.plsx)/2 as pl, fsj.xhzydk, fsj.fbgl, 						tx.jhfs,tx.txlx,tx.zbfxtxzy  					from 						PPGL_DMTZ_T_TZ tz, 						PPGL_DMTZ_T_TZSBZY tzsb, 						PPGL_SBTX_T_SBZJ sbzj,							PPGL_SBTX_T_FSZXX fsj, 						PPGL_SBTX_T_TXZXX tx 					where tz.tzbh=tzsb.tzbh 							and tzsb.sbbh=sbzj.sbbh 							and sbzj.fsjbh=fsj.fsjbh 							and sbzj.txbh=tx.txbh 							and to_number(tzjd, '999.99999')>=60.000000 and to_number(tzjd, '999.99999')<=140.000000 							and to_number(tzwd, '99.99999')>=-50.000000 and to_number(tzwd, '99.99999')<=50.000000 							and (fsj.plxx+fsj.plsx)/2>=100000000 and (fsj.plxx+fsj.plsx)/2<=200000000 							order by tzbh,pl 
返回结果：2 条 
第1条：台站编号06080500000236250 经度118.200000 纬度34.000000 频率(MHz)165.500000 带宽(kHz)10000.000000 功率199.000000 增益0.000000 调制方式AM 天线类型BD 极化方式V 
第2条：台站编号95e69f91e40f44cbbb004432250 经度112.200000 纬度16.501500 频率(MHz)165.500000 带宽(kHz)10000.000000 功率199.000000 增益0.000000 调制方式AM 天线类型BD 极化方式V 
输入参数：经度 60.000000~140.000000  纬度 -50.000000~50.000000  频率(MHz) 100.000000~200.000000  
查询语句：select 						distinct tz.tzbh, fsj.fsjbh, 						to_number(tzjd, '999.99999') as lon, to_number(tzwd, '99.99999') as lat, 				 		(fsj.plxx+fsj.plsx)/2 as pl, fsj.xhzydk, fsj.fbgl, 						tx.jhfs,tx.txlx,tx.zbfxtxzy  					from 						PPGL_DMTZ_T_TZ tz, 						PPGL_DMTZ_T_TZSBZY tzsb, 						PPGL_SBTX_T_SBZJ sbzj,							PPGL_SBTX_T_FSZXX fsj, 						PPGL_SBTX_T_TXZXX tx 					where tz.tzbh=tzsb.tzbh 							and tzsb.sbbh=sbzj.sbbh 							and sbzj.fsjbh=fsj.fsjbh 							and sbzj.txbh=tx.txbh 							and to_number(tzjd, '999.99999')>=60.000000 and to_number(tzjd, '999.99999')<=140.000000 							and to_number(tzwd, '99.99999')>=-50.000000 and to_number(tzwd, '99.99999')<=50.000000 							and (fsj.plxx+fsj.plsx)/2>=100000000 and (fsj.plxx+fsj.plsx)/2<=200000000 							order by tzbh,pl 
返回结果：2 条 
第1条：台站编号06080500000236250 经度118.200000 纬度34.000000 频率(MHz)165.500000 带宽(kHz)10000.000000 功率199.000000 增益0.000000 调制方式AM 天线类型BD 极化方式V 
第2条：台站编号95e69f91e40f44cbbb004432250 经度112.200000 纬度16.501500 频率(MHz)165.500000 带宽(kHz)10000.000000 功率199.000000 增益0.000000 调制方式AM 天线类型BD 极化方式V 
输入参数：经度 60.000000~140.000000  纬度 -50.000000~50.000000  频率(MHz) 100.000000~200.000000  
查询语句：select 						distinct tz.tzbh, fsj.fsjbh, 						to_number(tzjd, '999.99999') as lon, to_number(tzwd, '99.99999') as lat, 				 		(fsj.plxx+fsj.plsx)/2 as pl, fsj.xhzydk, fsj.fbgl, 						tx.jhfs,tx.txlx,tx.zbfxtxzy  					from 						PPGL_DMTZ_T_TZ tz, 						PPGL_DMTZ_T_TZSBZY tzsb, 						PPGL_SBTX_T_SBZJ sbzj,							PPGL_SBTX_T_FSZXX fsj, 						PPGL_SBTX_T_TXZXX tx 					where tz.tzbh=tzsb.tzbh 							and tzsb.sbbh=sbzj.sbbh 							and sbzj.fsjbh=fsj.fsjbh 							and sbzj.txbh=tx.txbh 							and to_number(tzjd, '999.99999')>=60.000000 and to_number(tzjd, '999.99999')<=140.000000 							and to_number(tzwd, '99.99999')>=-50.000000 and to_number(tzwd, '99.99999')<=50.000000 							and (fsj.plxx+fsj.plsx)/2>=100000000 and (fsj.plxx+fsj.plsx)/2<=200000000 							order by tzbh,pl 
返回结果：2 条 
第1条：台站编号06080500000236250 经度118.200000 纬度34.000000 频率(MHz)165.500000 带宽(kHz)10000.000000 功率199.000000 增益0.000000 调制方式AM 天线类型BD 极化方式V 
第2条：台站编号95e69f91e40f44cbbb004432250 经度112.200000 纬度16.501500 频率(MHz)165.500000 带宽(kHz)10000.000000 功率199.000000 增益0.000000 调制方式AM 天线类型BD 极化方式V 
输入参数：经度 60.000000~140.000000  纬度 -50.000000~50.000000  频率(MHz) 100.000000~200.000000  
查询语句：select 						distinct tz.tzbh, fsj.fsjbh, 						to_number(tzjd, '999.99999') as lon, to_number(tzwd, '99.99999') as lat, 				 		(fsj.plxx+fsj.plsx)/2 as pl, fsj.xhzydk, fsj.fbgl, 						tx.jhfs,tx.txlx,tx.zbfxtxzy  					from 						PPGL_DMTZ_T_TZ tz, 						PPGL_DMTZ_T_TZSBZY tzsb, 						PPGL_SBTX_T_SBZJ sbzj,							PPGL_SBTX_T_FSZXX fsj, 						PPGL_SBTX_T_TXZXX tx 					where tz.tzbh=tzsb.tzbh 							and tzsb.sbbh=sbzj.sbbh 							and sbzj.fsjbh=fsj.fsjbh 							and sbzj.txbh=tx.txbh 							and to_number(tzjd, '999.99999')>=60.000000 and to_number(tzjd, '999.99999')<=140.000000 							and to_number(tzwd, '99.99999')>=-50.000000 and to_number(tzwd, '99.99999')<=50.000000 							and (fsj.plxx+fsj.plsx)/2>=100000000 and (fsj.plxx+fsj.plsx)/2<=200000000 							order by tzbh,pl 
返回结果：2 条 
第1条：台站编号06080500000236250 经度118.200000 纬度34.000000 频率(MHz)165.500000 带宽(kHz)10000.000000 功率199.000000 增益0.000000 调制方式AM 天线类型BD 极化方式V 
第2条：台站编号95e69f91e40f44cbbb004432250 经度112.200000 纬度16.501500 频率(MHz)165.500000 带宽(kHz)10000.000000 功率199.000000 增益0.000000 调制方式AM 天线类型BD 极化方式V 
输入参数：经度 60.000000~140.000000  纬度 -50.000000~50.000000  频率(MHz) 100.000000~200.000000  
查询语句：select 						distinct tz.tzbh, fsj.fsjbh, 						to_number(tzjd, '999.99999') as lon, to_number(tzwd, '99.99999') as lat, 				 		(fsj.plxx+fsj.plsx)/2 as pl, fsj.xhzydk, fsj.fbgl, 						tx.jhfs,tx.txlx,tx.zbfxtxzy  					from 						PPGL_DMTZ_T_TZ tz, 						PPGL_DMTZ_T_TZSBZY tzsb, 						PPGL_SBTX_T_SBZJ sbzj,							PPGL_SBTX_T_FSZXX fsj, 						PPGL_SBTX_T_TXZXX tx 					where tz.tzbh=tzsb.tzbh 							and tzsb.sbbh=sbzj.sbbh 							and sbzj.fsjbh=fsj.fsjbh 							and sbzj.txbh=tx.txbh 							and to_number(tzjd, '999.99999')>=60.000000 and to_number(tzjd, '999.99999')<=140.000000 							and to_number(tzwd, '99.99999')>=-50.000000 and to_number(tzwd, '99.99999')<=50.000000 							and (fsj.plxx+fsj.plsx)/2>=100000000 and (fsj.plxx+fsj.plsx)/2<=200000000 							order by tzbh,pl 
返回结果：2 条 
第1条：台站编号06080500000236250 经度118.200000 纬度34.000000 频率(MHz)165.500000 带宽(kHz)10000.000000 功率199.000000 增益0.000000 调制方式AM 天线类型BD 极化方式V 
第2条：台站编号95e69f91e40f44cbbb004432250 经度112.200000 纬度16.501500 频率(MHz)165.500000 带宽(kHz)10000.000000 功率199.000000 增益0.000000 调制方式AM 天线类型BD 极化方式V 
输入参数：经度 60.000000~140.000000  纬度 -50.000000~50.000000  频率(MHz) 100.000000~200.000000  
查询语句：select 						distinct tz.tzbh, fsj.fsjbh, 						to_number(tzjd, '999.99999') as lon, to_number(tzwd, '99.99999') as lat, 				 		(fsj.plxx+fsj.plsx)/2 as pl, fsj.xhzydk, fsj.fbgl, 						tx.jhfs,tx.txlx,tx.zbfxtxzy  					from 						PPGL_DMTZ_T_TZ tz, 						PPGL_DMTZ_T_TZSBZY tzsb, 						PPGL_SBTX_T_SBZJ sbzj,							PPGL_SBTX_T_FSZXX fsj, 						PPGL_SBTX_T_TXZXX tx 					where tz.tzbh=tzsb.tzbh 							and tzsb.sbbh=sbzj.sbbh 							and sbzj.fsjbh=fsj.fsjbh 							and sbzj.txbh=tx.txbh 							and to_number(tzjd, '999.99999')>=60.000000 and to_number(tzjd, '999.99999')<=140.000000 							and to_number(tzwd, '99.99999')>=-50.000000 and to_number(tzwd, '99.99999')<=50.000000 							and (fsj.plxx+fsj.plsx)/2>=100000000 and (fsj.plxx+fsj.plsx)/2<=200000000 							order by tzbh,pl 
返回结果：2 条 
第1条：台站编号06080500000236250 经度118.200000 纬度34.000000 频率(MHz)165.500000 带宽(kHz)10000.000000 功率199.000000 增益0.000000 调制方式AM 天线类型BD 极化方式V 
第2条：台站编号95e69f91e40f44cbbb004432250 经度112.200000 纬度16.501500 频率(MHz)165.500000 带宽(kHz)10000.000000 功率199.000000 增益0.000000 调制方式AM 天线类型BD 极化方式V 
输入参数：经度 60.000000~140.000000  纬度 -50.000000~50.000000  频率(MHz) 100.000000~200.000000  
查询语句：select 						distinct tz.tzbh, fsj.fsjbh, 						to_number(tzjd, '999.99999') as lon, to_number(tzwd, '99.99999') as lat, 				 		(fsj.plxx+fsj.plsx)/2 as pl, fsj.xhzydk, fsj.fbgl, 						tx.jhfs,tx.txlx,tx.zbfxtxzy  					from 						PPGL_DMTZ_T_TZ tz, 						PPGL_DMTZ_T_TZSBZY tzsb, 						PPGL_SBTX_T_SBZJ sbzj,							PPGL_SBTX_T_FSZXX fsj, 						PPGL_SBTX_T_TXZXX tx 					where tz.tzbh=tzsb.tzbh 							and tzsb.sbbh=sbzj.sbbh 							and sbzj.fsjbh=fsj.fsjbh 							and sbzj.txbh=tx.txbh 							and to_number(tzjd, '999.99999')>=60.000000 and to_number(tzjd, '999.99999')<=140.000000 							and to_number(tzwd, '99.99999')>=-50.000000 and to_number(tzwd, '99.99999')<=50.000000 							and (fsj.plxx+fsj.plsx)/2>=100000000 and (fsj.plxx+fsj.plsx)/2<=200000000 							order by tzbh,pl 
返回结果：2 条 
第1条：台站编号06080500000236250 经度118.200000 纬度34.000000 频率(MHz)165.500000 带宽(kHz)10000.000000 功率199.000000 增益0.000000 调制方式AM 天线类型BD 极化方式V 
第2条：台站编号95e69f91e40f44cbbb004432250 经度112.200000 纬度16.501500 频率(MHz)165.500000 带宽(kHz)10000.000000 功率199.000000 增益0.000000 调制方式AM 天线类型BD 极化方式V 
输入参数：经度 60.000000~140.000000  纬度 -50.000000~50.000000  频率(MHz) 100.000000~200.000000  
查询语句：select 						distinct tz.tzbh, fsj.fsjbh, 						to_number(tzjd, '999.99999') as lon, to_number(tzwd, '99.99999') as lat, 				 		(fsj.plxx+fsj.plsx)/2 as pl, fsj.xhzydk, fsj.fbgl, 						tx.jhfs,tx.txlx,tx.zbfxtxzy  					from 						PPGL_DMTZ_T_TZ tz, 						PPGL_DMTZ_T_TZSBZY tzsb, 						PPGL_SBTX_T_SBZJ sbzj,							PPGL_SBTX_T_FSZXX fsj, 						PPGL_SBTX_T_TXZXX tx 					where tz.tzbh=tzsb.tzbh 							and tzsb.sbbh=sbzj.sbbh 							and sbzj.fsjbh=fsj.fsjbh 							and sbzj.txbh=tx.txbh 							and to_number(tzjd, '999.99999')>=60.000000 and to_number(tzjd, '999.99999')<=140.000000 							and to_number(tzwd, '99.99999')>=-50.000000 and to_number(tzwd, '99.99999')<=50.000000 							and (fsj.plxx+fsj.plsx)/2>=100000000 and (fsj.plxx+fsj.plsx)/2<=200000000 							order by tzbh,pl 
返回结果：2 条 
第1条：台站编号06080500000236250 经度118.200000 纬度34.000000 频率(MHz)165.500000 带宽(kHz)10000.000000 功率199.000000 增益0.000000 调制方式AM 天线类型BD 极化方式V 
第2条：台站编号95e69f91e40f44cbbb004432250 经度112.200000 纬度16.501500 频率(MHz)165.500000 带宽(kHz)10000.000000 功率199.000000 增益0.000000 调制方式AM 天线类型BD 极化方式V 
输入参数：经度 60.000000~140.000000  纬度 -50.000000~50.000000  频率(MHz) 100.000000~200.000000  
查询语句：select 						distinct tz.tzbh, fsj.fsjbh, 						to_number(tzjd, '999.99999') as lon, to_number(tzwd, '99.99999') as lat, 				 		(fsj.plxx+fsj.plsx)/2 as pl, fsj.xhzydk, fsj.fbgl, 						tx.jhfs,tx.txlx,tx.zbfxtxzy  					from 						PPGL_DMTZ_T_TZ tz, 						PPGL_DMTZ_T_TZSBZY tzsb, 						PPGL_SBTX_T_SBZJ sbzj,							PPGL_SBTX_T_FSZXX fsj, 						PPGL_SBTX_T_TXZXX tx 					where tz.tzbh=tzsb.tzbh 							and tzsb.sbbh=sbzj.sbbh 							and sbzj.fsjbh=fsj.fsjbh 							and sbzj.txbh=tx.txbh 							and to_number(tzjd, '999.99999')>=60.000000 and to_number(tzjd, '999.99999')<=140.000000 							and to_number(tzwd, '99.99999')>=-50.000000 and to_number(tzwd, '99.99999')<=50.000000 							and (fsj.plxx+fsj.plsx)/2>=100000000 and (fsj.plxx+fsj.plsx)/2<=200000000 							order by tzbh,pl 
返回结果：2 条 
第1条：台站编号06080500000236250 经度118.200000 纬度34.000000 频率(MHz)165.500000 带宽(kHz)10000.000000 功率199.000000 增益0.000000 调制方式AM 天线类型BD 极化方式V 
第2条：台站编号95e69f91e40f44cbbb004432250 经度112.200000 纬度16.501500 频率(MHz)165.500000 带宽(kHz)10000.000000 功率199.000000 增益0.000000 调制方式AM 天线类型BD 极化方式V 
输入参数：经度 60.000000~140.000000  纬度 -50.000000~50.000000  频率(MHz) 100.000000~200.000000  
查询语句：select 						distinct tz.tzbh, fsj.fsjbh, 						to_number(tzjd, '999.99999') as lon, to_number(tzwd, '99.99999') as lat, 				 		(fsj.plxx+fsj.plsx)/2 as pl, fsj.xhzydk, fsj.fbgl, 						tx.jhfs,tx.txlx,tx.zbfxtxzy  					from 						PPGL_DMTZ_T_TZ tz, 						PPGL_DMTZ_T_TZSBZY tzsb, 						PPGL_SBTX_T_SBZJ sbzj,							PPGL_SBTX_T_FSZXX fsj, 						PPGL_SBTX_T_TXZXX tx 					where tz.tzbh=tzsb.tzbh 							and tzsb.sbbh=sbzj.sbbh 							and sbzj.fsjbh=fsj.fsjbh 							and sbzj.txbh=tx.txbh 							and to_number(tzjd, '999.99999')>=60.000000 and to_number(tzjd, '999.99999')<=140.000000 							and to_number(tzwd, '99.99999')>=-50.000000 and to_number(tzwd, '99.99999')<=50.000000 							and (fsj.plxx+fsj.plsx)/2>=100000000 and (fsj.plxx+fsj.plsx)/2<=200000000 							order by tzbh,pl 
返回结果：2 条 
第1条：台站编号06080500000236250 经度118.200000 纬度34.000000 频率(MHz)165.500000 带宽(kHz)10000.000000 功率199.000000 增益0.000000 调制方式AM 天线类型BD 极化方式V 
第2条：台站编号95e69f91e40f44cbbb004432250 经度112.200000 纬度16.501500 频率(MHz)165.500000 带宽(kHz)10000.000000 功率199.000000 增益0.000000 调制方式AM 天线类型BD 极化方式V 
输入参数：经度 60.000000~140.000000  纬度 -50.000000~50.000000  频率(MHz) 100.000000~200.000000  
查询语句：select 						distinct tz.tzbh, fsj.fsjbh, 						to_number(tzjd, '999.99999') as lon, to_number(tzwd, '99.99999') as lat, 				 		(fsj.plxx+fsj.plsx)/2 as pl, fsj.xhzydk, fsj.fbgl, 						tx.jhfs,tx.txlx,tx.zbfxtxzy  					from 						PPGL_DMTZ_T_TZ tz, 						PPGL_DMTZ_T_TZSBZY tzsb, 						PPGL_SBTX_T_SBZJ sbzj,							PPGL_SBTX_T_FSZXX fsj, 						PPGL_SBTX_T_TXZXX tx 					where tz.tzbh=tzsb.tzbh 							and tzsb.sbbh=sbzj.sbbh 							and sbzj.fsjbh=fsj.fsjbh 							and sbzj.txbh=tx.txbh 							and to_number(tzjd, '999.99999')>=60.000000 and to_number(tzjd, '999.99999')<=140.000000 							and to_number(tzwd, '99.99999')>=-50.000000 and to_number(tzwd, '99.99999')<=50.000000 							and (fsj.plxx+fsj.plsx)/2>=100000000 and (fsj.plxx+fsj.plsx)/2<=200000000 							order by tzbh,pl 
返回结果：2 条 
第1条：台站编号06080500000236250 经度118.200000 纬度34.000000 频率(MHz)165.500000 带宽(kHz)10000.000000 功率199.000000 增益0.000000 调制方式AM 天线类型BD 极化方式V 
第2条：台站编号95e69f91e40f44cbbb004432250 经度112.200000 纬度16.501500 频率(MHz)165.500000 带宽(kHz)10000.000000 功率199.000000 增益0.000000 调制方式AM 天线类型BD 极化方式V 
输入参数：经度 60.000000~140.000000  纬度 -50.000000~50.000000  频率(MHz) 100.000000~200.000000  
查询语句：select 						distinct tz.tzbh, fsj.fsjbh, 						to_number(tzjd, '999.99999') as lon, to_number(tzwd, '99.99999') as lat, 				 		(fsj.plxx+fsj.plsx)/2 as pl, fsj.xhzydk, fsj.fbgl, 						tx.jhfs,tx.txlx,tx.zbfxtxzy  					from 						PPGL_DMTZ_T_TZ tz, 						PPGL_DMTZ_T_TZSBZY tzsb, 						PPGL_SBTX_T_SBZJ sbzj,							PPGL_SBTX_T_FSZXX fsj, 						PPGL_SBTX_T_TXZXX tx 					where tz.tzbh=tzsb.tzbh 							and tzsb.sbbh=sbzj.sbbh 							and sbzj.fsjbh=fsj.fsjbh 							and sbzj.txbh=tx.txbh 							and to_number(tzjd, '999.99999')>=60.000000 and to_number(tzjd, '999.99999')<=140.000000 							and to_number(tzwd, '99.99999')>=-50.000000 and to_number(tzwd, '99.99999')<=50.000000 							and (fsj.plxx+fsj.plsx)/2>=100000000 and (fsj.plxx+fsj.plsx)/2<=200000000 							order by tzbh,pl 
返回结果：2 条 
第1条：台站编号06080500000236250 经度118.200000 纬度34.000000 频率(MHz)165.500000 带宽(kHz)10000.000000 功率199.000000 增益0.000000 调制方式AM 天线类型BD 极化方式V 
第2条：台站编号95e69f91e40f44cbbb004432250 经度112.200000 纬度16.501500 频率(MHz)165.500000 带宽(kHz)10000.000000 功率199.000000 增益0.000000 调制方式AM 天线类型BD 极化方式V 
输入参数：经度 60.000000~140.000000  纬度 -50.000000~50.000000  频率(MHz) 100.000000~200.000000  
查询语句：select 						distinct tz.tzbh, fsj.fsjbh, 						to_number(tzjd, '999.99999') as lon, to_number(tzwd, '99.99999') as lat, 				 		(fsj.plxx+fsj.plsx)/2 as pl, fsj.xhzydk, fsj.fbgl, 						tx.jhfs,tx.txlx,tx.zbfxtxzy  					from 						PPGL_DMTZ_T_TZ tz, 						PPGL_DMTZ_T_TZSBZY tzsb, 						PPGL_SBTX_T_SBZJ sbzj,							PPGL_SBTX_T_FSZXX fsj, 						PPGL_SBTX_T_TXZXX tx 					where tz.tzbh=tzsb.tzbh 							and tzsb.sbbh=sbzj.sbbh 							and sbzj.fsjbh=fsj.fsjbh 							and sbzj.txbh=tx.txbh 							and to_number(tzjd, '999.99999')>=60.000000 and to_number(tzjd, '999.99999')<=140.000000 							and to_number(tzwd, '99.99999')>=-50.000000 and to_number(tzwd, '99.99999')<=50.000000 							and (fsj.plxx+fsj.plsx)/2>=100000000 and (fsj.plxx+fsj.plsx)/2<=200000000 							order by tzbh,pl 
返回结果：2 条 
第1条：台站编号06080500000236250 经度118.200000 纬度34.000000 频率(MHz)165.500000 带宽(kHz)10000.000000 功率199.000000 增益0.000000 调制方式AM 天线类型BD 极化方式V 
第2条：台站编号95e69f91e40f44cbbb004432250 经度112.200000 纬度16.501500 频率(MHz)165.500000 带宽(kHz)10000.000000 功率199.000000 增益0.000000 调制方式AM 天线类型BD 极化方式V 
输入参数：经度 60.000000~140.000000  纬度 -50.000000~50.000000  频率(MHz) 100.000000~200.000000  
查询语句：select 						distinct tz.tzbh, fsj.fsjbh, 						to_number(tzjd, '999.99999') as lon, to_number(tzwd, '99.99999') as lat, 				 		(fsj.plxx+fsj.plsx)/2 as pl, fsj.xhzydk, fsj.fbgl, 						tx.jhfs,tx.txlx,tx.zbfxtxzy  					from 						PPGL_DMTZ_T_TZ tz, 						PPGL_DMTZ_T_TZSBZY tzsb, 						PPGL_SBTX_T_SBZJ sbzj,							PPGL_SBTX_T_FSZXX fsj, 						PPGL_SBTX_T_TXZXX tx 					where tz.tzbh=tzsb.tzbh 							and tzsb.sbbh=sbzj.sbbh 							and sbzj.fsjbh=fsj.fsjbh 							and sbzj.txbh=tx.txbh 							and to_number(tzjd, '999.99999')>=60.000000 and to_number(tzjd, '999.99999')<=140.000000 							and to_number(tzwd, '99.99999')>=-50.000000 and to_number(tzwd, '99.99999')<=50.000000 							and (fsj.plxx+fsj.plsx)/2>=100000000 and (fsj.plxx+fsj.plsx)/2<=200000000 							order by tzbh,pl 
返回结果：2 条 
第1条：台站编号06080500000236250 经度118.200000 纬度34.000000 频率(MHz)165.500000 带宽(kHz)10000.000000 功率199.000000 增益0.000000 调制方式AM 天线类型BD 极化方式V 
第2条：台站编号95e69f91e40f44cbbb004432250 经度112.200000 纬度16.501500 频率(MHz)165.500000 带宽(kHz)10000.000000 功率199.000000 增益0.000000 调制方式AM 天线类型BD 极化方式V 
输入参数：经度 60.000000~140.000000  纬度 -50.000000~50.000000  频率(MHz) 100.000000~200.000000  
查询语句：select 						distinct tz.tzbh, fsj.fsjbh, 						to_number(tzjd, '999.99999') as lon, to_number(tzwd, '99.99999') as lat, 				 		(fsj.plxx+fsj.plsx)/2 as pl, fsj.xhzydk, fsj.fbgl, 						tx.jhfs,tx.txlx,tx.zbfxtxzy  					from 						PPGL_DMTZ_T_TZ tz, 						PPGL_DMTZ_T_TZSBZY tzsb, 						PPGL_SBTX_T_SBZJ sbzj,							PPGL_SBTX_T_FSZXX fsj, 						PPGL_SBTX_T_TXZXX tx 					where tz.tzbh=tzsb.tzbh 							and tzsb.sbbh=sbzj.sbbh 							and sbzj.fsjbh=fsj.fsjbh 							and sbzj.txbh=tx.txbh 							and to_number(tzjd, '999.99999')>=60.000000 and to_number(tzjd, '999.99999')<=140.000000 							and to_number(tzwd, '99.99999')>=-50.000000 and to_number(tzwd, '99.99999')<=50.000000 							and (fsj.plxx+fsj.plsx)/2>=100000000 and (fsj.plxx+fsj.plsx)/2<=200000000 							order by tzbh,pl 
返回结果：2 条 
第1条：台站编号06080500000236250 经度118.200000 纬度34.000000 频率(MHz)165.500000 带宽(kHz)10000.000000 功率199.000000 增益0.000000 调制方式AM 天线类型BD 极化方式V 
第2条：台站编号95e69f91e40f44cbbb004432250 经度112.200000 纬度16.501500 频率(MHz)165.500000 带宽(kHz)10000.000000 功率199.000000 增益0.000000 调制方式AM 天线类型BD 极化方式V 
输入参数：经度 60.000000~140.000000  纬度 -50.000000~50.000000  频率(MHz) 100.000000~200.000000  
查询语句：select 						distinct tz.tzbh, fsj.fsjbh, 						to_number(tzjd, '999.99999') as lon, to_number(tzwd, '99.99999') as lat, 				 		(fsj.plxx+fsj.plsx)/2 as pl, fsj.xhzydk, fsj.fbgl, 						tx.jhfs,tx.txlx,tx.zbfxtxzy  					from 						PPGL_DMTZ_T_TZ tz, 						PPGL_DMTZ_T_TZSBZY tzsb, 						PPGL_SBTX_T_SBZJ sbzj,							PPGL_SBTX_T_FSZXX fsj, 						PPGL_SBTX_T_TXZXX tx 					where tz.tzbh=tzsb.tzbh 							and tzsb.sbbh=sbzj.sbbh 							and sbzj.fsjbh=fsj.fsjbh 							and sbzj.txbh=tx.txbh 							and to_number(tzjd, '999.99999')>=60.000000 and to_number(tzjd, '999.99999')<=140.000000 							and to_number(tzwd, '99.99999')>=-50.000000 and to_number(tzwd, '99.99999')<=50.000000 							and (fsj.plxx+fsj.plsx)/2>=100000000 and (fsj.plxx+fsj.plsx)/2<=200000000 							order by tzbh,pl 
返回结果：2 条 
第1条：台站编号06080500000236250 经度118.200000 纬度34.000000 频率(MHz)165.500000 带宽(kHz)10000.000000 功率199.000000 增益0.000000 调制方式AM 天线类型BD 极化方式V 
第2条：台站编号95e69f91e40f44cbbb004432250 经度112.200000 纬度16.501500 频率(MHz)165.500000 带宽(kHz)10000.000000 功率199.000000 增益0.000000 调制方式AM 天线类型BD 极化方式V 
输入参数：经度 60.000000~140.000000  纬度 -50.000000~50.000000  频率(MHz) 100.000000~200.000000  
查询语句：select 						distinct tz.tzbh, fsj.fsjbh, 						to_number(tzjd, '999.99999') as lon, to_number(tzwd, '99.99999') as lat, 				 		(fsj.plxx+fsj.plsx)/2 as pl, fsj.xhzydk, fsj.fbgl, 						tx.jhfs,tx.txlx,tx.zbfxtxzy  					from 						PPGL_DMTZ_T_TZ tz, 						PPGL_DMTZ_T_TZSBZY tzsb, 						PPGL_SBTX_T_SBZJ sbzj,							PPGL_SBTX_T_FSZXX fsj, 						PPGL_SBTX_T_TXZXX tx 					where tz.tzbh=tzsb.tzbh 							and tzsb.sbbh=sbzj.sbbh 							and sbzj.fsjbh=fsj.fsjbh 							and sbzj.txbh=tx.txbh 							and to_number(tzjd, '999.99999')>=60.000000 and to_number(tzjd, '999.99999')<=140.000000 							and to_number(tzwd, '99.99999')>=-50.000000 and to_number(tzwd, '99.99999')<=50.000000 							and (fsj.plxx+fsj.plsx)/2>=100000000 and (fsj.plxx+fsj.plsx)/2<=200000000 							order by tzbh,pl 
返回结果：2 条 
第1条：台站编号06080500000236250 经度118.200000 纬度34.000000 频率(MHz)165.500000 带宽(kHz)10000.000000 功率199.000000 增益0.000000 调制方式AM 天线类型BD 极化方式V 
第2条：台站编号95e69f91e40f44cbbb004432250 经度112.200000 纬度16.501500 频率(MHz)165.500000 带宽(kHz)10000.000000 功率199.000000 增益0.000000 调制方式AM 天线类型BD 极化方式V 
输入参数：经度 60.000000~140.000000  纬度 -50.000000~50.000000  频率(MHz) 100.000000~200.000000  
查询语句：select 						distinct tz.tzbh, fsj.fsjbh, 						to_number(tzjd, '999.99999') as lon, to_number(tzwd, '99.99999') as lat, 				 		(fsj.plxx+fsj.plsx)/2 as pl, fsj.xhzydk, fsj.fbgl, 						tx.jhfs,tx.txlx,tx.zbfxtxzy  					from 						PPGL_DMTZ_T_TZ tz, 						PPGL_DMTZ_T_TZSBZY tzsb, 						PPGL_SBTX_T_SBZJ sbzj,							PPGL_SBTX_T_FSZXX fsj, 						PPGL_SBTX_T_TXZXX tx 					where tz.tzbh=tzsb.tzbh 							and tzsb.sbbh=sbzj.sbbh 							and sbzj.fsjbh=fsj.fsjbh 							and sbzj.txbh=tx.txbh 							and to_number(tzjd, '999.99999')>=60.000000 and to_number(tzjd, '999.99999')<=140.000000 							and to_number(tzwd, '99.99999')>=-50.000000 and to_number(tzwd, '99.99999')<=50.000000 							and (fsj.plxx+fsj.plsx)/2>=100000000 and (fsj.plxx+fsj.plsx)/2<=200000000 							order by tzbh,pl 
返回结果：2 条 
第1条：台站编号06080500000236250 经度118.200000 纬度34.000000 频率(MHz)165.500000 带宽(kHz)10000.000000 功率199.000000 增益0.000000 调制方式AM 天线类型BD 极化方式V 
第2条：台站编号95e69f91e40f44cbbb004432250 经度112.200000 纬度16.501500 频率(MHz)165.500000 带宽(kHz)10000.000000 功率199.000000 增益0.000000 调制方式AM 天线类型BD 极化方式V 
输入参数：经度 60.000000~140.000000  纬度 -50.000000~50.000000  频率(MHz) 100.000000~200.000000  
查询语句：select 						distinct tz.tzbh, fsj.fsjbh, 						to_number(tzjd, '999.99999') as lon, to_number(tzwd, '99.99999') as lat, 				 		(fsj.plxx+fsj.plsx)/2 as pl, fsj.xhzydk, fsj.fbgl, 						tx.jhfs,tx.txlx,tx.zbfxtxzy  					from 						PPGL_DMTZ_T_TZ tz, 						PPGL_DMTZ_T_TZSBZY tzsb, 						PPGL_SBTX_T_SBZJ sbzj,							PPGL_SBTX_T_FSZXX fsj, 						PPGL_SBTX_T_TXZXX tx 					where tz.tzbh=tzsb.tzbh 							and tzsb.sbbh=sbzj.sbbh 							and sbzj.fsjbh=fsj.fsjbh 							and sbzj.txbh=tx.txbh 							and to_number(tzjd, '999.99999')>=60.000000 and to_number(tzjd, '999.99999')<=140.000000 							and to_number(tzwd, '99.99999')>=-50.000000 and to_number(tzwd, '99.99999')<=50.000000 							and (fsj.plxx+fsj.plsx)/2>=100000000 and (fsj.plxx+fsj.plsx)/2<=200000000 							order by tzbh,pl 
返回结果：2 条 
第1条：台站编号06080500000236250 经度118.200000 纬度34.000000 频率(MHz)165.500000 带宽(kHz)10000.000000 功率199.000000 增益0.000000 调制方式AM 天线类型BD 极化方式V 
第2条：台站编号95e69f91e40f44cbbb004432250 经度112.200000 纬度16.501500 频率(MHz)165.500000 带宽(kHz)10000.000000 功率199.000000 增益0.000000 调制方式AM 天线类型BD 极化方式V 
输入参数：经度 60.000000~140.000000  纬度 -50.000000~50.000000  频率(MHz) 100.000000~200.000000  
查询语句：select 						distinct tz.tzbh, fsj.fsjbh, 						to_number(tzjd, '999.99999') as lon, to_number(tzwd, '99.99999') as lat, 				 		(fsj.plxx+fsj.plsx)/2 as pl, fsj.xhzydk, fsj.fbgl, 						tx.jhfs,tx.txlx,tx.zbfxtxzy  					from 						PPGL_DMTZ_T_TZ tz, 						PPGL_DMTZ_T_TZSBZY tzsb, 						PPGL_SBTX_T_SBZJ sbzj,							PPGL_SBTX_T_FSZXX fsj, 						PPGL_SBTX_T_TXZXX tx 					where tz.tzbh=tzsb.tzbh 							and tzsb.sbbh=sbzj.sbbh 							and sbzj.fsjbh=fsj.fsjbh 							and sbzj.txbh=tx.txbh 							and to_number(tzjd, '999.99999')>=60.000000 and to_number(tzjd, '999.99999')<=140.000000 							and to_number(tzwd, '99.99999')>=-50.000000 and to_number(tzwd, '99.99999')<=50.000000 							and (fsj.plxx+fsj.plsx)/2>=100000000 and (fsj.plxx+fsj.plsx)/2<=200000000 							order by tzbh,pl 
返回结果：2 条 
第1条：台站编号06080500000236250 经度118.200000 纬度34.000000 频率(MHz)165.500000 带宽(kHz)10000.000000 功率199.000000 增益0.000000 调制方式AM 天线类型BD 极化方式V 
第2条：台站编号95e69f91e40f44cbbb004432250 经度112.200000 纬度16.501500 频率(MHz)165.500000 带宽(kHz)10000.000000 功率199.000000 增益0.000000 调制方式AM 天线类型BD 极化方式V 
输入参数：经度 60.000000~140.000000  纬度 -50.000000~50.000000  频率(MHz) 100.000000~200.000000  
查询语句：select 						distinct tz.tzbh, fsj.fsjbh, 						to_number(tzjd, '999.99999') as lon, to_number(tzwd, '99.99999') as lat, 				 		(fsj.plxx+fsj.plsx)/2 as pl, fsj.xhzydk, fsj.fbgl, 						tx.jhfs,tx.txlx,tx.zbfxtxzy  					from 						PPGL_DMTZ_T_TZ tz, 						PPGL_DMTZ_T_TZSBZY tzsb, 						PPGL_SBTX_T_SBZJ sbzj,							PPGL_SBTX_T_FSZXX fsj, 						PPGL_SBTX_T_TXZXX tx 					where tz.tzbh=tzsb.tzbh 							and tzsb.sbbh=sbzj.sbbh 							and sbzj.fsjbh=fsj.fsjbh 							and sbzj.txbh=tx.txbh 							and to_number(tzjd, '999.99999')>=60.000000 and to_number(tzjd, '999.99999')<=140.000000 							and to_number(tzwd, '99.99999')>=-50.000000 and to_number(tzwd, '99.99999')<=50.000000 							and (fsj.plxx+fsj.plsx)/2>=100000000 and (fsj.plxx+fsj.plsx)/2<=200000000 							order by tzbh,pl 
返回结果：2 条 
第1条：台站编号06080500000236250 经度118.200000 纬度34.000000 频率(MHz)165.500000 带宽(kHz)10000.000000 功率199.000000 增益0.000000 调制方式AM 天线类型BD 极化方式V 
第2条：台站编号95e69f91e40f44cbbb004432250 经度112.200000 纬度16.501500 频率(MHz)165.500000 带宽(kHz)10000.000000 功率199.000000 增益0.000000 调制方式AM 天线类型BD 极化方式V 
输入参数：经度 60.000000~140.000000  纬度 -50.000000~50.000000  频率(MHz) 100.000000~200.000000  
查询语句：select 						distinct tz.tzbh, fsj.fsjbh, 						to_number(tzjd, '999.99999') as lon, to_number(tzwd, '99.99999') as lat, 				 		(fsj.plxx+fsj.plsx)/2 as pl, fsj.xhzydk, fsj.fbgl, 						tx.jhfs,tx.txlx,tx.zbfxtxzy  					from 						PPGL_DMTZ_T_TZ tz, 						PPGL_DMTZ_T_TZSBZY tzsb, 						PPGL_SBTX_T_SBZJ sbzj,							PPGL_SBTX_T_FSZXX fsj, 						PPGL_SBTX_T_TXZXX tx 					where tz.tzbh=tzsb.tzbh 							and tzsb.sbbh=sbzj.sbbh 							and sbzj.fsjbh=fsj.fsjbh 							and sbzj.txbh=tx.txbh 							and to_number(tzjd, '999.99999')>=60.000000 and to_number(tzjd, '999.99999')<=140.000000 							and to_number(tzwd, '99.99999')>=-50.000000 and to_number(tzwd, '99.99999')<=50.000000 							and (fsj.plxx+fsj.plsx)/2>=100000000 and (fsj.plxx+fsj.plsx)/2<=200000000 							order by tzbh,pl 
返回结果：2 条 
第1条：台站编号06080500000236250 经度118.200000 纬度34.000000 频率(MHz)165.500000 带宽(kHz)10000.000000 功率199.000000 增益0.000000 调制方式AM 天线类型BD 极化方式V 
第2条：台站编号95e69f91e40f44cbbb004432250 经度112.200000 纬度16.501500 频率(MHz)165.500000 带宽(kHz)10000.000000 功率199.000000 增益0.000000 调制方式AM 天线类型BD 极化方式V 
输入参数：经度 60.000000~140.000000  纬度 -50.000000~50.000000  频率(MHz) 10.000000~200.000000  
查询语句：select 						distinct tz.tzbh, fsj.fsjbh, 						to_number(tzjd, '999.99999') as lon, to_number(tzwd, '99.99999') as lat, 				 		(fsj.plxx+fsj.plsx)/2 as pl, fsj.xhzydk, fsj.fbgl, 						tx.jhfs,tx.txlx,tx.zbfxtxzy  					from 						PPGL_DMTZ_T_TZ tz, 						PPGL_DMTZ_T_TZSBZY tzsb, 						PPGL_SBTX_T_SBZJ sbzj,							PPGL_SBTX_T_FSZXX fsj, 						PPGL_SBTX_T_TXZXX tx 					where tz.tzbh=tzsb.tzbh 							and tzsb.sbbh=sbzj.sbbh 							and sbzj.fsjbh=fsj.fsjbh 							and sbzj.txbh=tx.txbh 							and to_number(tzjd, '999.99999')>=60.000000 and to_number(tzjd, '999.99999')<=140.000000 							and to_number(tzwd, '99.99999')>=-50.000000 and to_number(tzwd, '99.99999')<=50.000000 							and (fsj.plxx+fsj.plsx)/2>=10000000 and (fsj.plxx+fsj.plsx)/2<=200000000 							order by tzbh,pl 
返回结果：9 条 
第1条：台站编号06080500000236250 经度118.200000 纬度34.000000 频率(MHz)165.500000 带宽(kHz)10000.000000 功率199.000000 增益0.000000 调制方式AM 天线类型BD 极化方式V 
第2条：台站编号1010000212264 经度110.150100 纬度21.150000 频率(MHz)15.995000 带宽(kHz)3.000000 功率1000.000000 增益5.000000 调制方式AM 天线类型BD 极化方式V 
第3条：台站编号185f6e9b1bf64f3a9b07efae251 经度108.200000 纬度27.000000 频率(MHz)65.500000 带宽(kHz)10000.000000 功率199.000000 增益1.000000 调制方式AM 天线类型BD 极化方式V 
第4条：台站编号2985f25259664afba25d6984265 经度118.160000 纬度29.443440 频率(MHz)12.000000 带宽(kHz)3.000000 功率200.000000 增益5.000000 调制方式AM 天线类型BD 极化方式V 
第5条：台站编号360427ebc7894321aa430215265 经度123.110000 纬度14.111100 频率(MHz)12.000000 带宽(kHz)3.000000 功率200.000000 增益5.000000 调制方式AM 天线类型BD 极化方式V 
第6条：台站编号908265 经度108.490000 纬度34.074800 频率(MHz)12.000000 带宽(kHz)3.000000 功率200.000000 增益5.000000 调制方式AM 天线类型BD 极化方式V 
第7条：台站编号95e69f91e40f44cbbb004432250 经度112.200000 纬度16.501500 频率(MHz)165.500000 带宽(kHz)10000.000000 功率199.000000 增益0.000000 调制方式AM 天线类型BD 极化方式V 
第8条：台站编号e92a02f8150f400e87a0e349257 经度122.550000 纬度14.501100 频率(MHz)12.500000 带宽(kHz)10000.000000 功率200.000000 增益1.000000 调制方式AM 天线类型BD 极化方式V 
第9条：台站编号R877757869257 经度120.180000 纬度22.360000 频率(MHz)12.500000 带宽(kHz)10000.000000 功率200.000000 增益1.000000 调制方式AM 天线类型BD 极化方式V 
输入参数：经度 60.000000~140.000000  纬度 -50.000000~50.000000  频率(MHz) 10.000000~200.000000  
查询语句：select 						distinct tz.tzbh, fsj.fsjbh, 						to_number(tzjd, '999.99999') as lon, to_number(tzwd, '99.99999') as lat, 				 		(fsj.plxx+fsj.plsx)/2 as pl, fsj.xhzydk, fsj.fbgl, 						tx.jhfs,tx.txlx,tx.zbfxtxzy  					from 						PPGL_DMTZ_T_TZ tz, 						PPGL_DMTZ_T_TZSBZY tzsb, 						PPGL_SBTX_T_SBZJ sbzj,							PPGL_SBTX_T_FSZXX fsj, 						PPGL_SBTX_T_TXZXX tx 					where tz.tzbh=tzsb.tzbh 							and tzsb.sbbh=sbzj.sbbh 							and sbzj.fsjbh=fsj.fsjbh 							and sbzj.txbh=tx.txbh 							and to_number(tzjd, '999.99999')>=60.000000 and to_number(tzjd, '999.99999')<=140.000000 							and to_number(tzwd, '99.99999')>=-50.000000 and to_number(tzwd, '99.99999')<=50.000000 							and (fsj.plxx+fsj.plsx)/2>=10000000 and (fsj.plxx+fsj.plsx)/2<=200000000 							order by tzbh,pl 
返回结果：9 条 
第1条：台站编号06080500000236250 经度118.200000 纬度34.000000 频率(MHz)165.500000 带宽(kHz)10000.000000 功率199.000000 增益0.000000 调制方式AM 天线类型BD 极化方式V 
第2条：台站编号1010000212264 经度110.150100 纬度21.150000 频率(MHz)15.995000 带宽(kHz)3.000000 功率1000.000000 增益5.000000 调制方式AM 天线类型BD 极化方式V 
第3条：台站编号185f6e9b1bf64f3a9b07efae251 经度108.200000 纬度27.000000 频率(MHz)65.500000 带宽(kHz)10000.000000 功率199.000000 增益1.000000 调制方式AM 天线类型BD 极化方式V 
第4条：台站编号2985f25259664afba25d6984265 经度118.160000 纬度29.443440 频率(MHz)12.000000 带宽(kHz)3.000000 功率200.000000 增益5.000000 调制方式AM 天线类型BD 极化方式V 
第5条：台站编号360427ebc7894321aa430215265 经度123.110000 纬度14.111100 频率(MHz)12.000000 带宽(kHz)3.000000 功率200.000000 增益5.000000 调制方式AM 天线类型BD 极化方式V 
第6条：台站编号908265 经度108.490000 纬度34.074800 频率(MHz)12.000000 带宽(kHz)3.000000 功率200.000000 增益5.000000 调制方式AM 天线类型BD 极化方式V 
第7条：台站编号95e69f91e40f44cbbb004432250 经度112.200000 纬度16.501500 频率(MHz)165.500000 带宽(kHz)10000.000000 功率199.000000 增益0.000000 调制方式AM 天线类型BD 极化方式V 
第8条：台站编号e92a02f8150f400e87a0e349257 经度122.550000 纬度14.501100 频率(MHz)12.500000 带宽(kHz)10000.000000 功率200.000000 增益1.000000 调制方式AM 天线类型BD 极化方式V 
第9条：台站编号R877757869257 经度120.180000 纬度22.360000 频率(MHz)12.500000 带宽(kHz)10000.000000 功率200.000000 增益1.000000 调制方式AM 天线类型BD 极化方式V 
输入参数：经度 60.000000~140.000000  纬度 -50.000000~50.000000  频率(MHz) 10.000000~200.000000  
查询语句：select 						distinct tz.tzbh, fsj.fsjbh, 						to_number(tzjd, '999.99999') as lon, to_number(tzwd, '99.99999') as lat, 				 		(fsj.plxx+fsj.plsx)/2 as pl, fsj.xhzydk, fsj.fbgl, 						tx.jhfs,tx.txlx,tx.zbfxtxzy  					from 						PPGL_DMTZ_T_TZ tz, 						PPGL_DMTZ_T_TZSBZY tzsb, 						PPGL_SBTX_T_SBZJ sbzj,							PPGL_SBTX_T_FSZXX fsj, 						PPGL_SBTX_T_TXZXX tx 					where tz.tzbh=tzsb.tzbh 							and tzsb.sbbh=sbzj.sbbh 							and sbzj.fsjbh=fsj.fsjbh 							and sbzj.txbh=tx.txbh 							and to_number(tzjd, '999.99999')>=60.000000 and to_number(tzjd, '999.99999')<=140.000000 							and to_number(tzwd, '99.99999')>=-50.000000 and to_number(tzwd, '99.99999')<=50.000000 							and (fsj.plxx+fsj.plsx)/2>=10000000 and (fsj.plxx+fsj.plsx)/2<=200000000 							order by tzbh,pl 
返回结果：9 条 
第1条：台站编号06080500000236250 经度118.200000 纬度34.000000 频率(MHz)165.500000 带宽(kHz)10000.000000 功率199.000000 增益0.000000 调制方式AM 天线类型BD 极化方式V 
第2条：台站编号1010000212264 经度110.150100 纬度21.150000 频率(MHz)15.995000 带宽(kHz)3.000000 功率1000.000000 增益5.000000 调制方式AM 天线类型BD 极化方式V 
第3条：台站编号185f6e9b1bf64f3a9b07efae251 经度108.200000 纬度27.000000 频率(MHz)65.500000 带宽(kHz)10000.000000 功率199.000000 增益1.000000 调制方式AM 天线类型BD 极化方式V 
第4条：台站编号2985f25259664afba25d6984265 经度118.160000 纬度29.443440 频率(MHz)12.000000 带宽(kHz)3.000000 功率200.000000 增益5.000000 调制方式AM 天线类型BD 极化方式V 
第5条：台站编号360427ebc7894321aa430215265 经度123.110000 纬度14.111100 频率(MHz)12.000000 带宽(kHz)3.000000 功率200.000000 增益5.000000 调制方式AM 天线类型BD 极化方式V 
第6条：台站编号908265 经度108.490000 纬度34.074800 频率(MHz)12.000000 带宽(kHz)3.000000 功率200.000000 增益5.000000 调制方式AM 天线类型BD 极化方式V 
第7条：台站编号95e69f91e40f44cbbb004432250 经度112.200000 纬度16.501500 频率(MHz)165.500000 带宽(kHz)10000.000000 功率199.000000 增益0.000000 调制方式AM 天线类型BD 极化方式V 
第8条：台站编号e92a02f8150f400e87a0e349257 经度122.550000 纬度14.501100 频率(MHz)12.500000 带宽(kHz)10000.000000 功率200.000000 增益1.000000 调制方式AM 天线类型BD 极化方式V 
第9条：台站编号R877757869257 经度120.180000 纬度22.360000 频率(MHz)12.500000 带宽(kHz)10000.000000 功率200.000000 增益1.000000 调制方式AM 天线类型BD 极化方式V 
输入参数：经度 60.000000~140.000000  纬度 -50.000000~50.000000  频率(MHz) 10.000000~200.000000  
查询语句：select 						distinct tz.tzbh, fsj.fsjbh, 						to_number(tzjd, '999.99999') as lon, to_number(tzwd, '99.99999') as lat, 				 		(fsj.plxx+fsj.plsx)/2 as pl, fsj.xhzydk, fsj.fbgl, 						tx.jhfs,tx.txlx,tx.zbfxtxzy  					from 						PPGL_DMTZ_T_TZ tz, 						PPGL_DMTZ_T_TZSBZY tzsb, 						PPGL_SBTX_T_SBZJ sbzj,							PPGL_SBTX_T_FSZXX fsj, 						PPGL_SBTX_T_TXZXX tx 					where tz.tzbh=tzsb.tzbh 							and tzsb.sbbh=sbzj.sbbh 							and sbzj.fsjbh=fsj.fsjbh 							and sbzj.txbh=tx.txbh 							and to_number(tzjd, '999.99999')>=60.000000 and to_number(tzjd, '999.99999')<=140.000000 							and to_number(tzwd, '99.99999')>=-50.000000 and to_number(tzwd, '99.99999')<=50.000000 							and (fsj.plxx+fsj.plsx)/2>=10000000 and (fsj.plxx+fsj.plsx)/2<=200000000 							order by tzbh,pl 
返回结果：9 条 
第1条：台站编号06080500000236250 经度118.200000 纬度34.000000 频率(MHz)165.500000 带宽(kHz)10000.000000 功率199.000000 增益0.000000 调制方式AM 天线类型BD 极化方式V 
第2条：台站编号1010000212264 经度110.150100 纬度21.150000 频率(MHz)15.995000 带宽(kHz)3.000000 功率1000.000000 增益5.000000 调制方式AM 天线类型BD 极化方式V 
第3条：台站编号185f6e9b1bf64f3a9b07efae251 经度108.200000 纬度27.000000 频率(MHz)65.500000 带宽(kHz)10000.000000 功率199.000000 增益1.000000 调制方式AM 天线类型BD 极化方式V 
第4条：台站编号2985f25259664afba25d6984265 经度118.160000 纬度29.443440 频率(MHz)12.000000 带宽(kHz)3.000000 功率200.000000 增益5.000000 调制方式AM 天线类型BD 极化方式V 
第5条：台站编号360427ebc7894321aa430215265 经度123.110000 纬度14.111100 频率(MHz)12.000000 带宽(kHz)3.000000 功率200.000000 增益5.000000 调制方式AM 天线类型BD 极化方式V 
第6条：台站编号908265 经度108.490000 纬度34.074800 频率(MHz)12.000000 带宽(kHz)3.000000 功率200.000000 增益5.000000 调制方式AM 天线类型BD 极化方式V 
第7条：台站编号95e69f91e40f44cbbb004432250 经度112.200000 纬度16.501500 频率(MHz)165.500000 带宽(kHz)10000.000000 功率199.000000 增益0.000000 调制方式AM 天线类型BD 极化方式V 
第8条：台站编号e92a02f8150f400e87a0e349257 经度122.550000 纬度14.501100 频率(MHz)12.500000 带宽(kHz)10000.000000 功率200.000000 增益1.000000 调制方式AM 天线类型BD 极化方式V 
第9条：台站编号R877757869257 经度120.180000 纬度22.360000 频率(MHz)12.500000 带宽(kHz)10000.000000 功率200.000000 增益1.000000 调制方式AM 天线类型BD 极化方式V 
输入参数：经度 60.000000~140.000000  纬度 -50.000000~50.000000  频率(MHz) 100.000000~200.000000  
查询语句：select 						distinct tz.tzbh, fsj.fsjbh, 						to_number(tzjd, '999.99999') as lon, to_number(tzwd, '99.99999') as lat, 				 		(fsj.plxx+fsj.plsx)/2 as pl, fsj.xhzydk, fsj.fbgl, 						tx.jhfs,tx.txlx,tx.zbfxtxzy  					from 						PPGL_DMTZ_T_TZ tz, 						PPGL_DMTZ_T_TZSBZY tzsb, 						PPGL_SBTX_T_SBZJ sbzj,							PPGL_SBTX_T_FSZXX fsj, 						PPGL_SBTX_T_TXZXX tx 					where tz.tzbh=tzsb.tzbh 							and tzsb.sbbh=sbzj.sbbh 							and sbzj.fsjbh=fsj.fsjbh 							and sbzj.txbh=tx.txbh 							and to_number(tzjd, '999.99999')>=60.000000 and to_number(tzjd, '999.99999')<=140.000000 							and to_number(tzwd, '99.99999')>=-50.000000 and to_number(tzwd, '99.99999')<=50.000000 							and (fsj.plxx+fsj.plsx)/2>=100000000 and (fsj.plxx+fsj.plsx)/2<=200000000 							order by tzbh,pl 
返回结果：2 条 
第1条：台站编号06080500000236250 经度118.200000 纬度34.000000 频率(MHz)165.500000 带宽(kHz)10000.000000 功率199.000000 增益0.000000 调制方式AM 天线类型BD 极化方式V 
第2条：台站编号95e69f91e40f44cbbb004432250 经度112.200000 纬度16.501500 频率(MHz)165.500000 带宽(kHz)10000.000000 功率199.000000 增益0.000000 调制方式AM 天线类型BD 极化方式V 
输入参数：经度 70.000000~140.000000  纬度 -50.000000~50.000000  频率(MHz) 100.000000~200.000000  
查询语句：select 						distinct tz.tzbh, fsj.fsjbh, 						to_number(tzjd, '999.99999') as lon, to_number(tzwd, '99.99999') as lat, 				 		(fsj.plxx+fsj.plsx)/2 as pl, fsj.xhzydk, fsj.fbgl, 						tx.jhfs,tx.txlx,tx.zbfxtxzy  					from 						PPGL_DMTZ_T_TZ tz, 						PPGL_DMTZ_T_TZSBZY tzsb, 						PPGL_SBTX_T_SBZJ sbzj,							PPGL_SBTX_T_FSZXX fsj, 						PPGL_SBTX_T_TXZXX tx 					where tz.tzbh=tzsb.tzbh 							and tzsb.sbbh=sbzj.sbbh 							and sbzj.fsjbh=fsj.fsjbh 							and sbzj.txbh=tx.txbh 							and to_number(tzjd, '999.99999')>=70.000000 and to_number(tzjd, '999.99999')<=140.000000 							and to_number(tzwd, '99.99999')>=-50.000000 and to_number(tzwd, '99.99999')<=50.000000 							and (fsj.plxx+fsj.plsx)/2>=100000000 and (fsj.plxx+fsj.plsx)/2<=200000000 							order by tzbh,pl 
返回结果：2 条 
第1条：台站编号06080500000236250 经度118.200000 纬度34.000000 频率(MHz)165.500000 带宽(kHz)10000.000000 功率199.000000 增益0.000000 调制方式AM 天线类型BD 极化方式V 
第2条：台站编号95e69f91e40f44cbbb004432250 经度112.200000 纬度16.501500 频率(MHz)165.500000 带宽(kHz)10000.000000 功率199.000000 增益0.000000 调制方式AM 天线类型BD 极化方式V 
输入参数：经度 70.000000~150.000000  纬度 -40.000000~80.000000  频率(MHz) 100.000000~200.000000  
查询语句：select 						distinct tz.tzbh, fsj.fsjbh, 						to_number(tzjd, '999.99999') as lon, to_number(tzwd, '99.99999') as lat, 				 		(fsj.plxx+fsj.plsx)/2 as pl, fsj.xhzydk, fsj.fbgl, 						tx.jhfs,tx.txlx,tx.zbfxtxzy  					from 						PPGL_DMTZ_T_TZ tz, 						PPGL_DMTZ_T_TZSBZY tzsb, 						PPGL_SBTX_T_SBZJ sbzj,							PPGL_SBTX_T_FSZXX fsj, 						PPGL_SBTX_T_TXZXX tx 					where tz.tzbh=tzsb.tzbh 							and tzsb.sbbh=sbzj.sbbh 							and sbzj.fsjbh=fsj.fsjbh 							and sbzj.txbh=tx.txbh 							and to_number(tzjd, '999.99999')>=70.000000 and to_number(tzjd, '999.99999')<=150.000000 							and to_number(tzwd, '99.99999')>=-40.000000 and to_number(tzwd, '99.99999')<=80.000000 							and (fsj.plxx+fsj.plsx)/2>=100000000 and (fsj.plxx+fsj.plsx)/2<=200000000 							order by tzbh,pl 
返回结果：2 条 
第1条：台站编号06080500000236250 经度118.200000 纬度34.000000 频率(MHz)165.500000 带宽(kHz)10000.000000 功率199.000000 增益0.000000 调制方式AM 天线类型BD 极化方式V 
第2条：台站编号95e69f91e40f44cbbb004432250 经度112.200000 纬度16.501500 频率(MHz)165.500000 带宽(kHz)10000.000000 功率199.000000 增益0.000000 调制方式AM 天线类型BD 极化方式V 
输入参数：经度 70.000000~80.000000  纬度 -40.000000~80.000000  频率(MHz) 100.000000~200.000000  
查询语句：select 						distinct tz.tzbh, fsj.fsjbh, 						to_number(tzjd, '999.99999') as lon, to_number(tzwd, '99.99999') as lat, 				 		(fsj.plxx+fsj.plsx)/2 as pl, fsj.xhzydk, fsj.fbgl, 						tx.jhfs,tx.txlx,tx.zbfxtxzy  					from 						PPGL_DMTZ_T_TZ tz, 						PPGL_DMTZ_T_TZSBZY tzsb, 						PPGL_SBTX_T_SBZJ sbzj,							PPGL_SBTX_T_FSZXX fsj, 						PPGL_SBTX_T_TXZXX tx 					where tz.tzbh=tzsb.tzbh 							and tzsb.sbbh=sbzj.sbbh 							and sbzj.fsjbh=fsj.fsjbh 							and sbzj.txbh=tx.txbh 							and to_number(tzjd, '999.99999')>=70.000000 and to_number(tzjd, '999.99999')<=80.000000 							and to_number(tzwd, '99.99999')>=-40.000000 and to_number(tzwd, '99.99999')<=80.000000 							and (fsj.plxx+fsj.plsx)/2>=100000000 and (fsj.plxx+fsj.plsx)/2<=200000000 							order by tzbh,pl 
返回结果：0 条 
